find_executable: checking for pg_config... -------------------- yes

--------------------

block in append_ldflags: checking for whether -Wl,-rpath,/opt/homebrew/opt/libpq/lib is accepted as LDFLAGS... -------------------- yes

"gcc -o conftest -I/Users/vadimteltevski/.rubies/ruby-2.7.5/include/ruby-2.7.0/arm64-darwin21 -I/Users/vadimteltevski/.rubies/ruby-2.7.5/include/ruby-2.7.0/ruby/backward -I/Users/vadimteltevski/.rubies/ruby-2.7.5/include/ruby-2.7.0 -I. -I/opt/homebrew/opt/libpq/include  -I/opt/homebrew/opt/openssl@1.1/include -I/opt/homebrew/opt/readline/include -I/opt/homebrew/opt/libyaml/include -I/opt/homebrew/opt/gdbm/include -D_XOPEN_SOURCE -D_DARWIN_C_SOURCE -D_DARWIN_UNLIMITED_SELECT -D_REENTRANT   -Wno-nullability-completeness -pipe conftest.c  -L. -L/Users/vadimteltevski/.rubies/ruby-2.7.5/lib -L/opt/homebrew/opt/libpq/lib -L/opt/homebrew/opt/openssl@1.1/lib -L/opt/homebrew/opt/readline/lib -L/opt/homebrew/opt/libyaml/lib -L/opt/homebrew/opt/gdbm/lib -L. -fstack-protector-strong -L/usr/local/lib -L/opt/homebrew/opt/openssl@1.1/lib -L/opt/homebrew/opt/readline/lib -L/opt/homebrew/opt/libyaml/lib -L/opt/homebrew/opt/gdbm/lib  -m64   -lruby.2.7-static -framework Security -framework Foundation -lpthread -ldl -lobjc   "
checked program was:
/* begin */
1: #include "ruby.h"
2: 
3: int main(int argc, char **argv)
4: {
5:   return !!argv[argc];
6: }
/* end */

"gcc -o conftest -I/Users/vadimteltevski/.rubies/ruby-2.7.5/include/ruby-2.7.0/arm64-darwin21 -I/Users/vadimteltevski/.rubies/ruby-2.7.5/include/ruby-2.7.0/ruby/backward -I/Users/vadimteltevski/.rubies/ruby-2.7.5/include/ruby-2.7.0 -I. -I/opt/homebrew/opt/libpq/include  -I/opt/homebrew/opt/openssl@1.1/include -I/opt/homebrew/opt/readline/include -I/opt/homebrew/opt/libyaml/include -I/opt/homebrew/opt/gdbm/include -D_XOPEN_SOURCE -D_DARWIN_C_SOURCE -D_DARWIN_UNLIMITED_SELECT -D_REENTRANT   -Wno-nullability-completeness -pipe conftest.c  -L. -L/Users/vadimteltevski/.rubies/ruby-2.7.5/lib -L/opt/homebrew/opt/libpq/lib -L/opt/homebrew/opt/openssl@1.1/lib -L/opt/homebrew/opt/readline/lib -L/opt/homebrew/opt/libyaml/lib -L/opt/homebrew/opt/gdbm/lib -L. -fstack-protector-strong -L/usr/local/lib -L/opt/homebrew/opt/openssl@1.1/lib -L/opt/homebrew/opt/readline/lib -L/opt/homebrew/opt/libyaml/lib -L/opt/homebrew/opt/gdbm/lib  -m64   -lruby.2.7-static -framework Security -framework Foundation -lpthread -ldl -lobjc -Wl,-rpath,/opt/homebrew/opt/libpq/lib  "
checked program was:
/* begin */
1: #include "ruby.h"
2: 
3: int main(int argc, char **argv)
4: {
5:   return !!argv[argc];
6: }
/* end */

--------------------

find_header: checking for libpq-fe.h... -------------------- yes

"gcc -E -I/Users/vadimteltevski/.rubies/ruby-2.7.5/include/ruby-2.7.0/arm64-darwin21 -I/Users/vadimteltevski/.rubies/ruby-2.7.5/include/ruby-2.7.0/ruby/backward -I/Users/vadimteltevski/.rubies/ruby-2.7.5/include/ruby-2.7.0 -I. -I/opt/homebrew/opt/libpq/include  -I/opt/homebrew/opt/openssl@1.1/include -I/opt/homebrew/opt/readline/include -I/opt/homebrew/opt/libyaml/include -I/opt/homebrew/opt/gdbm/include -D_XOPEN_SOURCE -D_DARWIN_C_SOURCE -D_DARWIN_UNLIMITED_SELECT -D_REENTRANT   -Wno-nullability-completeness -pipe  conftest.c -o conftest.i"
checked program was:
/* begin */
1: #include "ruby.h"
2: 
3: #include <libpq-fe.h>
/* end */

--------------------

find_header: checking for libpq/libpq-fs.h... -------------------- yes

"gcc -E -I/Users/vadimteltevski/.rubies/ruby-2.7.5/include/ruby-2.7.0/arm64-darwin21 -I/Users/vadimteltevski/.rubies/ruby-2.7.5/include/ruby-2.7.0/ruby/backward -I/Users/vadimteltevski/.rubies/ruby-2.7.5/include/ruby-2.7.0 -I. -I/opt/homebrew/opt/libpq/include  -I/opt/homebrew/opt/openssl@1.1/include -I/opt/homebrew/opt/readline/include -I/opt/homebrew/opt/libyaml/include -I/opt/homebrew/opt/gdbm/include -D_XOPEN_SOURCE -D_DARWIN_C_SOURCE -D_DARWIN_UNLIMITED_SELECT -D_REENTRANT   -Wno-nullability-completeness -pipe  conftest.c -o conftest.i"
checked program was:
/* begin */
1: #include "ruby.h"
2: 
3: #include <libpq/libpq-fs.h>
/* end */

--------------------

find_header: checking for pg_config_manual.h... -------------------- yes

"gcc -E -I/Users/vadimteltevski/.rubies/ruby-2.7.5/include/ruby-2.7.0/arm64-darwin21 -I/Users/vadimteltevski/.rubies/ruby-2.7.5/include/ruby-2.7.0/ruby/backward -I/Users/vadimteltevski/.rubies/ruby-2.7.5/include/ruby-2.7.0 -I. -I/opt/homebrew/opt/libpq/include  -I/opt/homebrew/opt/openssl@1.1/include -I/opt/homebrew/opt/readline/include -I/opt/homebrew/opt/libyaml/include -I/opt/homebrew/opt/gdbm/include -D_XOPEN_SOURCE -D_DARWIN_C_SOURCE -D_DARWIN_UNLIMITED_SELECT -D_REENTRANT   -Wno-nullability-completeness -pipe  conftest.c -o conftest.i"
checked program was:
/* begin */
1: #include "ruby.h"
2: 
3: #include <pg_config_manual.h>
/* end */

--------------------

have_library: checking for PQconnectdb() in -lpq... -------------------- yes

"gcc -o conftest -I/Users/vadimteltevski/.rubies/ruby-2.7.5/include/ruby-2.7.0/arm64-darwin21 -I/Users/vadimteltevski/.rubies/ruby-2.7.5/include/ruby-2.7.0/ruby/backward -I/Users/vadimteltevski/.rubies/ruby-2.7.5/include/ruby-2.7.0 -I. -I/opt/homebrew/opt/libpq/include  -I/opt/homebrew/opt/openssl@1.1/include -I/opt/homebrew/opt/readline/include -I/opt/homebrew/opt/libyaml/include -I/opt/homebrew/opt/gdbm/include -D_XOPEN_SOURCE -D_DARWIN_C_SOURCE -D_DARWIN_UNLIMITED_SELECT -D_REENTRANT   -Wno-nullability-completeness -pipe conftest.c  -L. -L/Users/vadimteltevski/.rubies/ruby-2.7.5/lib -L/opt/homebrew/opt/libpq/lib -L/opt/homebrew/opt/openssl@1.1/lib -L/opt/homebrew/opt/readline/lib -L/opt/homebrew/opt/libyaml/lib -L/opt/homebrew/opt/gdbm/lib -L. -fstack-protector-strong -L/usr/local/lib -L/opt/homebrew/opt/openssl@1.1/lib -L/opt/homebrew/opt/readline/lib -L/opt/homebrew/opt/libyaml/lib -L/opt/homebrew/opt/gdbm/lib -Wl,-rpath,/opt/homebrew/opt/libpq/lib  -m64   -lruby.2.7-static -framework Security -framework Foundation -lpthread -ldl -lobjc -lpq   "
checked program was:
/* begin */
 1: #include "ruby.h"
 2: 
 3: #include <libpq-fe.h>
 4: 
 5: /*top*/
 6: extern int t(void);
 7: int main(int argc, char **argv)
 8: {
 9:   if (argc > 1000000) {
10:     int (* volatile tp)(void)=(int (*)(void))&t;
11:     printf("%d", (*tp)());
12:   }
13: 
14:   return !!argv[argc];
15: }
16: int t(void) { void ((*volatile p)()); p = (void ((*)()))PQconnectdb; return !p; }
/* end */

--------------------

have_func: checking for PQconninfo() in libpq-fe.h... -------------------- yes

"gcc -o conftest -I/Users/vadimteltevski/.rubies/ruby-2.7.5/include/ruby-2.7.0/arm64-darwin21 -I/Users/vadimteltevski/.rubies/ruby-2.7.5/include/ruby-2.7.0/ruby/backward -I/Users/vadimteltevski/.rubies/ruby-2.7.5/include/ruby-2.7.0 -I. -I/opt/homebrew/opt/libpq/include  -I/opt/homebrew/opt/openssl@1.1/include -I/opt/homebrew/opt/readline/include -I/opt/homebrew/opt/libyaml/include -I/opt/homebrew/opt/gdbm/include -D_XOPEN_SOURCE -D_DARWIN_C_SOURCE -D_DARWIN_UNLIMITED_SELECT -D_REENTRANT   -Wno-nullability-completeness -pipe conftest.c  -L. -L/Users/vadimteltevski/.rubies/ruby-2.7.5/lib -L/opt/homebrew/opt/libpq/lib -L/opt/homebrew/opt/openssl@1.1/lib -L/opt/homebrew/opt/readline/lib -L/opt/homebrew/opt/libyaml/lib -L/opt/homebrew/opt/gdbm/lib -L. -fstack-protector-strong -L/usr/local/lib -L/opt/homebrew/opt/openssl@1.1/lib -L/opt/homebrew/opt/readline/lib -L/opt/homebrew/opt/libyaml/lib -L/opt/homebrew/opt/gdbm/lib -Wl,-rpath,/opt/homebrew/opt/libpq/lib  -m64  -lpq  -lruby.2.7-static -framework Security -framework Foundation -lpthread -ldl -lobjc -lpq   "
checked program was:
/* begin */
 1: #include "ruby.h"
 2: 
 3: #include <libpq-fe.h>
 4: 
 5: /*top*/
 6: extern int t(void);
 7: int main(int argc, char **argv)
 8: {
 9:   if (argc > 1000000) {
10:     int (* volatile tp)(void)=(int (*)(void))&t;
11:     printf("%d", (*tp)());
12:   }
13: 
14:   return !!argv[argc];
15: }
16: int t(void) { void ((*volatile p)()); p = (void ((*)()))PQconninfo; return !p; }
/* end */

--------------------

have_func: checking for PQsslAttribute() in libpq-fe.h... -------------------- yes

"gcc -o conftest -I/Users/vadimteltevski/.rubies/ruby-2.7.5/include/ruby-2.7.0/arm64-darwin21 -I/Users/vadimteltevski/.rubies/ruby-2.7.5/include/ruby-2.7.0/ruby/backward -I/Users/vadimteltevski/.rubies/ruby-2.7.5/include/ruby-2.7.0 -I. -I/opt/homebrew/opt/libpq/include  -I/opt/homebrew/opt/openssl@1.1/include -I/opt/homebrew/opt/readline/include -I/opt/homebrew/opt/libyaml/include -I/opt/homebrew/opt/gdbm/include -D_XOPEN_SOURCE -D_DARWIN_C_SOURCE -D_DARWIN_UNLIMITED_SELECT -D_REENTRANT   -Wno-nullability-completeness -pipe conftest.c  -L. -L/Users/vadimteltevski/.rubies/ruby-2.7.5/lib -L/opt/homebrew/opt/libpq/lib -L/opt/homebrew/opt/openssl@1.1/lib -L/opt/homebrew/opt/readline/lib -L/opt/homebrew/opt/libyaml/lib -L/opt/homebrew/opt/gdbm/lib -L. -fstack-protector-strong -L/usr/local/lib -L/opt/homebrew/opt/openssl@1.1/lib -L/opt/homebrew/opt/readline/lib -L/opt/homebrew/opt/libyaml/lib -L/opt/homebrew/opt/gdbm/lib -Wl,-rpath,/opt/homebrew/opt/libpq/lib  -m64  -lpq  -lruby.2.7-static -framework Security -framework Foundation -lpthread -ldl -lobjc -lpq   "
checked program was:
/* begin */
 1: #include "ruby.h"
 2: 
 3: #include <libpq-fe.h>
 4: 
 5: /*top*/
 6: extern int t(void);
 7: int main(int argc, char **argv)
 8: {
 9:   if (argc > 1000000) {
10:     int (* volatile tp)(void)=(int (*)(void))&t;
11:     printf("%d", (*tp)());
12:   }
13: 
14:   return !!argv[argc];
15: }
16: int t(void) { void ((*volatile p)()); p = (void ((*)()))PQsslAttribute; return !p; }
/* end */

--------------------

have_func: checking for PQresultVerboseErrorMessage() in libpq-fe.h... -------------------- yes

"gcc -o conftest -I/Users/vadimteltevski/.rubies/ruby-2.7.5/include/ruby-2.7.0/arm64-darwin21 -I/Users/vadimteltevski/.rubies/ruby-2.7.5/include/ruby-2.7.0/ruby/backward -I/Users/vadimteltevski/.rubies/ruby-2.7.5/include/ruby-2.7.0 -I. -I/opt/homebrew/opt/libpq/include  -I/opt/homebrew/opt/openssl@1.1/include -I/opt/homebrew/opt/readline/include -I/opt/homebrew/opt/libyaml/include -I/opt/homebrew/opt/gdbm/include -D_XOPEN_SOURCE -D_DARWIN_C_SOURCE -D_DARWIN_UNLIMITED_SELECT -D_REENTRANT   -Wno-nullability-completeness -pipe conftest.c  -L. -L/Users/vadimteltevski/.rubies/ruby-2.7.5/lib -L/opt/homebrew/opt/libpq/lib -L/opt/homebrew/opt/openssl@1.1/lib -L/opt/homebrew/opt/readline/lib -L/opt/homebrew/opt/libyaml/lib -L/opt/homebrew/opt/gdbm/lib -L. -fstack-protector-strong -L/usr/local/lib -L/opt/homebrew/opt/openssl@1.1/lib -L/opt/homebrew/opt/readline/lib -L/opt/homebrew/opt/libyaml/lib -L/opt/homebrew/opt/gdbm/lib -Wl,-rpath,/opt/homebrew/opt/libpq/lib  -m64  -lpq  -lruby.2.7-static -framework Security -framework Foundation -lpthread -ldl -lobjc -lpq   "
checked program was:
/* begin */
 1: #include "ruby.h"
 2: 
 3: #include <libpq-fe.h>
 4: 
 5: /*top*/
 6: extern int t(void);
 7: int main(int argc, char **argv)
 8: {
 9:   if (argc > 1000000) {
10:     int (* volatile tp)(void)=(int (*)(void))&t;
11:     printf("%d", (*tp)());
12:   }
13: 
14:   return !!argv[argc];
15: }
16: int t(void) { void ((*volatile p)()); p = (void ((*)()))PQresultVerboseErrorMessage; return !p; }
/* end */

--------------------

have_func: checking for PQencryptPasswordConn() in libpq-fe.h... -------------------- yes

"gcc -o conftest -I/Users/vadimteltevski/.rubies/ruby-2.7.5/include/ruby-2.7.0/arm64-darwin21 -I/Users/vadimteltevski/.rubies/ruby-2.7.5/include/ruby-2.7.0/ruby/backward -I/Users/vadimteltevski/.rubies/ruby-2.7.5/include/ruby-2.7.0 -I. -I/opt/homebrew/opt/libpq/include  -I/opt/homebrew/opt/openssl@1.1/include -I/opt/homebrew/opt/readline/include -I/opt/homebrew/opt/libyaml/include -I/opt/homebrew/opt/gdbm/include -D_XOPEN_SOURCE -D_DARWIN_C_SOURCE -D_DARWIN_UNLIMITED_SELECT -D_REENTRANT   -Wno-nullability-completeness -pipe conftest.c  -L. -L/Users/vadimteltevski/.rubies/ruby-2.7.5/lib -L/opt/homebrew/opt/libpq/lib -L/opt/homebrew/opt/openssl@1.1/lib -L/opt/homebrew/opt/readline/lib -L/opt/homebrew/opt/libyaml/lib -L/opt/homebrew/opt/gdbm/lib -L. -fstack-protector-strong -L/usr/local/lib -L/opt/homebrew/opt/openssl@1.1/lib -L/opt/homebrew/opt/readline/lib -L/opt/homebrew/opt/libyaml/lib -L/opt/homebrew/opt/gdbm/lib -Wl,-rpath,/opt/homebrew/opt/libpq/lib  -m64  -lpq  -lruby.2.7-static -framework Security -framework Foundation -lpthread -ldl -lobjc -lpq   "
checked program was:
/* begin */
 1: #include "ruby.h"
 2: 
 3: #include <libpq-fe.h>
 4: 
 5: /*top*/
 6: extern int t(void);
 7: int main(int argc, char **argv)
 8: {
 9:   if (argc > 1000000) {
10:     int (* volatile tp)(void)=(int (*)(void))&t;
11:     printf("%d", (*tp)());
12:   }
13: 
14:   return !!argv[argc];
15: }
16: int t(void) { void ((*volatile p)()); p = (void ((*)()))PQencryptPasswordConn; return !p; }
/* end */

--------------------

have_func: checking for PQresultMemorySize() in libpq-fe.h... -------------------- yes

"gcc -o conftest -I/Users/vadimteltevski/.rubies/ruby-2.7.5/include/ruby-2.7.0/arm64-darwin21 -I/Users/vadimteltevski/.rubies/ruby-2.7.5/include/ruby-2.7.0/ruby/backward -I/Users/vadimteltevski/.rubies/ruby-2.7.5/include/ruby-2.7.0 -I. -I/opt/homebrew/opt/libpq/include  -I/opt/homebrew/opt/openssl@1.1/include -I/opt/homebrew/opt/readline/include -I/opt/homebrew/opt/libyaml/include -I/opt/homebrew/opt/gdbm/include -D_XOPEN_SOURCE -D_DARWIN_C_SOURCE -D_DARWIN_UNLIMITED_SELECT -D_REENTRANT   -Wno-nullability-completeness -pipe conftest.c  -L. -L/Users/vadimteltevski/.rubies/ruby-2.7.5/lib -L/opt/homebrew/opt/libpq/lib -L/opt/homebrew/opt/openssl@1.1/lib -L/opt/homebrew/opt/readline/lib -L/opt/homebrew/opt/libyaml/lib -L/opt/homebrew/opt/gdbm/lib -L. -fstack-protector-strong -L/usr/local/lib -L/opt/homebrew/opt/openssl@1.1/lib -L/opt/homebrew/opt/readline/lib -L/opt/homebrew/opt/libyaml/lib -L/opt/homebrew/opt/gdbm/lib -Wl,-rpath,/opt/homebrew/opt/libpq/lib  -m64  -lpq  -lruby.2.7-static -framework Security -framework Foundation -lpthread -ldl -lobjc -lpq   "
checked program was:
/* begin */
 1: #include "ruby.h"
 2: 
 3: #include <libpq-fe.h>
 4: 
 5: /*top*/
 6: extern int t(void);
 7: int main(int argc, char **argv)
 8: {
 9:   if (argc > 1000000) {
10:     int (* volatile tp)(void)=(int (*)(void))&t;
11:     printf("%d", (*tp)());
12:   }
13: 
14:   return !!argv[argc];
15: }
16: int t(void) { void ((*volatile p)()); p = (void ((*)()))PQresultMemorySize; return !p; }
/* end */

--------------------

have_func: checking for PQenterPipelineMode() in libpq-fe.h... -------------------- yes

"gcc -o conftest -I/Users/vadimteltevski/.rubies/ruby-2.7.5/include/ruby-2.7.0/arm64-darwin21 -I/Users/vadimteltevski/.rubies/ruby-2.7.5/include/ruby-2.7.0/ruby/backward -I/Users/vadimteltevski/.rubies/ruby-2.7.5/include/ruby-2.7.0 -I. -I/opt/homebrew/opt/libpq/include  -I/opt/homebrew/opt/openssl@1.1/include -I/opt/homebrew/opt/readline/include -I/opt/homebrew/opt/libyaml/include -I/opt/homebrew/opt/gdbm/include -D_XOPEN_SOURCE -D_DARWIN_C_SOURCE -D_DARWIN_UNLIMITED_SELECT -D_REENTRANT   -Wno-nullability-completeness -pipe conftest.c  -L. -L/Users/vadimteltevski/.rubies/ruby-2.7.5/lib -L/opt/homebrew/opt/libpq/lib -L/opt/homebrew/opt/openssl@1.1/lib -L/opt/homebrew/opt/readline/lib -L/opt/homebrew/opt/libyaml/lib -L/opt/homebrew/opt/gdbm/lib -L. -fstack-protector-strong -L/usr/local/lib -L/opt/homebrew/opt/openssl@1.1/lib -L/opt/homebrew/opt/readline/lib -L/opt/homebrew/opt/libyaml/lib -L/opt/homebrew/opt/gdbm/lib -Wl,-rpath,/opt/homebrew/opt/libpq/lib  -m64  -lpq  -lruby.2.7-static -framework Security -framework Foundation -lpthread -ldl -lobjc -lpq   "
checked program was:
/* begin */
 1: #include "ruby.h"
 2: 
 3: #include <libpq-fe.h>
 4: 
 5: /*top*/
 6: extern int t(void);
 7: int main(int argc, char **argv)
 8: {
 9:   if (argc > 1000000) {
10:     int (* volatile tp)(void)=(int (*)(void))&t;
11:     printf("%d", (*tp)());
12:   }
13: 
14:   return !!argv[argc];
15: }
16: int t(void) { void ((*volatile p)()); p = (void ((*)()))PQenterPipelineMode; return !p; }
17:  int con(){ return PGRES_PIPELINE_SYNC; }
/* end */

--------------------

have_func: checking for timegm()... -------------------- yes

"gcc -o conftest -I/Users/vadimteltevski/.rubies/ruby-2.7.5/include/ruby-2.7.0/arm64-darwin21 -I/Users/vadimteltevski/.rubies/ruby-2.7.5/include/ruby-2.7.0/ruby/backward -I/Users/vadimteltevski/.rubies/ruby-2.7.5/include/ruby-2.7.0 -I. -I/opt/homebrew/opt/libpq/include  -I/opt/homebrew/opt/openssl@1.1/include -I/opt/homebrew/opt/readline/include -I/opt/homebrew/opt/libyaml/include -I/opt/homebrew/opt/gdbm/include -D_XOPEN_SOURCE -D_DARWIN_C_SOURCE -D_DARWIN_UNLIMITED_SELECT -D_REENTRANT   -Wno-nullability-completeness -pipe conftest.c  -L. -L/Users/vadimteltevski/.rubies/ruby-2.7.5/lib -L/opt/homebrew/opt/libpq/lib -L/opt/homebrew/opt/openssl@1.1/lib -L/opt/homebrew/opt/readline/lib -L/opt/homebrew/opt/libyaml/lib -L/opt/homebrew/opt/gdbm/lib -L. -fstack-protector-strong -L/usr/local/lib -L/opt/homebrew/opt/openssl@1.1/lib -L/opt/homebrew/opt/readline/lib -L/opt/homebrew/opt/libyaml/lib -L/opt/homebrew/opt/gdbm/lib -Wl,-rpath,/opt/homebrew/opt/libpq/lib  -m64  -lpq  -lruby.2.7-static -framework Security -framework Foundation -lpthread -ldl -lobjc -lpq   "
conftest.c:14:57: error: use of undeclared identifier 'timegm'
int t(void) { void ((*volatile p)()); p = (void ((*)()))timegm; return !p; }
                                                        ^
1 error generated.
checked program was:
/* begin */
 1: #include "ruby.h"
 2: 
 3: /*top*/
 4: extern int t(void);
 5: int main(int argc, char **argv)
 6: {
 7:   if (argc > 1000000) {
 8:     int (* volatile tp)(void)=(int (*)(void))&t;
 9:     printf("%d", (*tp)());
10:   }
11: 
12:   return !!argv[argc];
13: }
14: int t(void) { void ((*volatile p)()); p = (void ((*)()))timegm; return !p; }
/* end */

"gcc -o conftest -I/Users/vadimteltevski/.rubies/ruby-2.7.5/include/ruby-2.7.0/arm64-darwin21 -I/Users/vadimteltevski/.rubies/ruby-2.7.5/include/ruby-2.7.0/ruby/backward -I/Users/vadimteltevski/.rubies/ruby-2.7.5/include/ruby-2.7.0 -I. -I/opt/homebrew/opt/libpq/include  -I/opt/homebrew/opt/openssl@1.1/include -I/opt/homebrew/opt/readline/include -I/opt/homebrew/opt/libyaml/include -I/opt/homebrew/opt/gdbm/include -D_XOPEN_SOURCE -D_DARWIN_C_SOURCE -D_DARWIN_UNLIMITED_SELECT -D_REENTRANT   -Wno-nullability-completeness -pipe conftest.c  -L. -L/Users/vadimteltevski/.rubies/ruby-2.7.5/lib -L/opt/homebrew/opt/libpq/lib -L/opt/homebrew/opt/openssl@1.1/lib -L/opt/homebrew/opt/readline/lib -L/opt/homebrew/opt/libyaml/lib -L/opt/homebrew/opt/gdbm/lib -L. -fstack-protector-strong -L/usr/local/lib -L/opt/homebrew/opt/openssl@1.1/lib -L/opt/homebrew/opt/readline/lib -L/opt/homebrew/opt/libyaml/lib -L/opt/homebrew/opt/gdbm/lib -Wl,-rpath,/opt/homebrew/opt/libpq/lib  -m64  -lpq  -lruby.2.7-static -framework Security -framework Foundation -lpthread -ldl -lobjc -lpq   "
checked program was:
/* begin */
 1: #include "ruby.h"
 2: 
 3: /*top*/
 4: extern int t(void);
 5: int main(int argc, char **argv)
 6: {
 7:   if (argc > 1000000) {
 8:     int (* volatile tp)(void)=(int (*)(void))&t;
 9:     printf("%d", (*tp)());
10:   }
11: 
12:   return !!argv[argc];
13: }
14: extern void timegm();
15: int t(void) { timegm(); return 0; }
/* end */

--------------------

have_func: checking for rb_gc_adjust_memory_usage()... -------------------- yes

"gcc -o conftest -I/Users/vadimteltevski/.rubies/ruby-2.7.5/include/ruby-2.7.0/arm64-darwin21 -I/Users/vadimteltevski/.rubies/ruby-2.7.5/include/ruby-2.7.0/ruby/backward -I/Users/vadimteltevski/.rubies/ruby-2.7.5/include/ruby-2.7.0 -I. -I/opt/homebrew/opt/libpq/include  -I/opt/homebrew/opt/openssl@1.1/include -I/opt/homebrew/opt/readline/include -I/opt/homebrew/opt/libyaml/include -I/opt/homebrew/opt/gdbm/include -D_XOPEN_SOURCE -D_DARWIN_C_SOURCE -D_DARWIN_UNLIMITED_SELECT -D_REENTRANT   -Wno-nullability-completeness -pipe conftest.c  -L. -L/Users/vadimteltevski/.rubies/ruby-2.7.5/lib -L/opt/homebrew/opt/libpq/lib -L/opt/homebrew/opt/openssl@1.1/lib -L/opt/homebrew/opt/readline/lib -L/opt/homebrew/opt/libyaml/lib -L/opt/homebrew/opt/gdbm/lib -L. -fstack-protector-strong -L/usr/local/lib -L/opt/homebrew/opt/openssl@1.1/lib -L/opt/homebrew/opt/readline/lib -L/opt/homebrew/opt/libyaml/lib -L/opt/homebrew/opt/gdbm/lib -Wl,-rpath,/opt/homebrew/opt/libpq/lib  -m64  -lpq  -lruby.2.7-static -framework Security -framework Foundation -lpthread -ldl -lobjc -lpq   "
checked program was:
/* begin */
 1: #include "ruby.h"
 2: 
 3: /*top*/
 4: extern int t(void);
 5: int main(int argc, char **argv)
 6: {
 7:   if (argc > 1000000) {
 8:     int (* volatile tp)(void)=(int (*)(void))&t;
 9:     printf("%d", (*tp)());
10:   }
11: 
12:   return !!argv[argc];
13: }
14: int t(void) { void ((*volatile p)()); p = (void ((*)()))rb_gc_adjust_memory_usage; return !p; }
/* end */

--------------------

have_func: checking for rb_gc_mark_movable()... -------------------- yes

"gcc -o conftest -I/Users/vadimteltevski/.rubies/ruby-2.7.5/include/ruby-2.7.0/arm64-darwin21 -I/Users/vadimteltevski/.rubies/ruby-2.7.5/include/ruby-2.7.0/ruby/backward -I/Users/vadimteltevski/.rubies/ruby-2.7.5/include/ruby-2.7.0 -I. -I/opt/homebrew/opt/libpq/include  -I/opt/homebrew/opt/openssl@1.1/include -I/opt/homebrew/opt/readline/include -I/opt/homebrew/opt/libyaml/include -I/opt/homebrew/opt/gdbm/include -D_XOPEN_SOURCE -D_DARWIN_C_SOURCE -D_DARWIN_UNLIMITED_SELECT -D_REENTRANT   -Wno-nullability-completeness -pipe conftest.c  -L. -L/Users/vadimteltevski/.rubies/ruby-2.7.5/lib -L/opt/homebrew/opt/libpq/lib -L/opt/homebrew/opt/openssl@1.1/lib -L/opt/homebrew/opt/readline/lib -L/opt/homebrew/opt/libyaml/lib -L/opt/homebrew/opt/gdbm/lib -L. -fstack-protector-strong -L/usr/local/lib -L/opt/homebrew/opt/openssl@1.1/lib -L/opt/homebrew/opt/readline/lib -L/opt/homebrew/opt/libyaml/lib -L/opt/homebrew/opt/gdbm/lib -Wl,-rpath,/opt/homebrew/opt/libpq/lib  -m64  -lpq  -lruby.2.7-static -framework Security -framework Foundation -lpthread -ldl -lobjc -lpq   "
checked program was:
/* begin */
 1: #include "ruby.h"
 2: 
 3: /*top*/
 4: extern int t(void);
 5: int main(int argc, char **argv)
 6: {
 7:   if (argc > 1000000) {
 8:     int (* volatile tp)(void)=(int (*)(void))&t;
 9:     printf("%d", (*tp)());
10:   }
11: 
12:   return !!argv[argc];
13: }
14: int t(void) { void ((*volatile p)()); p = (void ((*)()))rb_gc_mark_movable; return !p; }
/* end */

--------------------

have_func: checking for rb_io_wait()... -------------------- no

"gcc -o conftest -I/Users/vadimteltevski/.rubies/ruby-2.7.5/include/ruby-2.7.0/arm64-darwin21 -I/Users/vadimteltevski/.rubies/ruby-2.7.5/include/ruby-2.7.0/ruby/backward -I/Users/vadimteltevski/.rubies/ruby-2.7.5/include/ruby-2.7.0 -I. -I/opt/homebrew/opt/libpq/include  -I/opt/homebrew/opt/openssl@1.1/include -I/opt/homebrew/opt/readline/include -I/opt/homebrew/opt/libyaml/include -I/opt/homebrew/opt/gdbm/include -D_XOPEN_SOURCE -D_DARWIN_C_SOURCE -D_DARWIN_UNLIMITED_SELECT -D_REENTRANT   -Wno-nullability-completeness -pipe conftest.c  -L. -L/Users/vadimteltevski/.rubies/ruby-2.7.5/lib -L/opt/homebrew/opt/libpq/lib -L/opt/homebrew/opt/openssl@1.1/lib -L/opt/homebrew/opt/readline/lib -L/opt/homebrew/opt/libyaml/lib -L/opt/homebrew/opt/gdbm/lib -L. -fstack-protector-strong -L/usr/local/lib -L/opt/homebrew/opt/openssl@1.1/lib -L/opt/homebrew/opt/readline/lib -L/opt/homebrew/opt/libyaml/lib -L/opt/homebrew/opt/gdbm/lib -Wl,-rpath,/opt/homebrew/opt/libpq/lib  -m64  -lpq  -lruby.2.7-static -framework Security -framework Foundation -lpthread -ldl -lobjc -lpq   "
conftest.c:14:57: error: use of undeclared identifier 'rb_io_wait'
int t(void) { void ((*volatile p)()); p = (void ((*)()))rb_io_wait; return !p; }
                                                        ^
1 error generated.
checked program was:
/* begin */
 1: #include "ruby.h"
 2: 
 3: /*top*/
 4: extern int t(void);
 5: int main(int argc, char **argv)
 6: {
 7:   if (argc > 1000000) {
 8:     int (* volatile tp)(void)=(int (*)(void))&t;
 9:     printf("%d", (*tp)());
10:   }
11: 
12:   return !!argv[argc];
13: }
14: int t(void) { void ((*volatile p)()); p = (void ((*)()))rb_io_wait; return !p; }
/* end */

"gcc -o conftest -I/Users/vadimteltevski/.rubies/ruby-2.7.5/include/ruby-2.7.0/arm64-darwin21 -I/Users/vadimteltevski/.rubies/ruby-2.7.5/include/ruby-2.7.0/ruby/backward -I/Users/vadimteltevski/.rubies/ruby-2.7.5/include/ruby-2.7.0 -I. -I/opt/homebrew/opt/libpq/include  -I/opt/homebrew/opt/openssl@1.1/include -I/opt/homebrew/opt/readline/include -I/opt/homebrew/opt/libyaml/include -I/opt/homebrew/opt/gdbm/include -D_XOPEN_SOURCE -D_DARWIN_C_SOURCE -D_DARWIN_UNLIMITED_SELECT -D_REENTRANT   -Wno-nullability-completeness -pipe conftest.c  -L. -L/Users/vadimteltevski/.rubies/ruby-2.7.5/lib -L/opt/homebrew/opt/libpq/lib -L/opt/homebrew/opt/openssl@1.1/lib -L/opt/homebrew/opt/readline/lib -L/opt/homebrew/opt/libyaml/lib -L/opt/homebrew/opt/gdbm/lib -L. -fstack-protector-strong -L/usr/local/lib -L/opt/homebrew/opt/openssl@1.1/lib -L/opt/homebrew/opt/readline/lib -L/opt/homebrew/opt/libyaml/lib -L/opt/homebrew/opt/gdbm/lib -Wl,-rpath,/opt/homebrew/opt/libpq/lib  -m64  -lpq  -lruby.2.7-static -framework Security -framework Foundation -lpthread -ldl -lobjc -lpq   "
Undefined symbols for architecture arm64:
  "_rb_io_wait", referenced from:
      _t in conftest-8831ce.o
ld: symbol(s) not found for architecture arm64
clang: error: linker command failed with exit code 1 (use -v to see invocation)
checked program was:
/* begin */
 1: #include "ruby.h"
 2: 
 3: /*top*/
 4: extern int t(void);
 5: int main(int argc, char **argv)
 6: {
 7:   if (argc > 1000000) {
 8:     int (* volatile tp)(void)=(int (*)(void))&t;
 9:     printf("%d", (*tp)());
10:   }
11: 
12:   return !!argv[argc];
13: }
14: extern void rb_io_wait();
15: int t(void) { rb_io_wait(); return 0; }
/* end */

--------------------

have_header: checking for unistd.h... -------------------- yes

"gcc -E -I/Users/vadimteltevski/.rubies/ruby-2.7.5/include/ruby-2.7.0/arm64-darwin21 -I/Users/vadimteltevski/.rubies/ruby-2.7.5/include/ruby-2.7.0/ruby/backward -I/Users/vadimteltevski/.rubies/ruby-2.7.5/include/ruby-2.7.0 -I. -I/opt/homebrew/opt/libpq/include  -I/opt/homebrew/opt/openssl@1.1/include -I/opt/homebrew/opt/readline/include -I/opt/homebrew/opt/libyaml/include -I/opt/homebrew/opt/gdbm/include -D_XOPEN_SOURCE -D_DARWIN_C_SOURCE -D_DARWIN_UNLIMITED_SELECT -D_REENTRANT   -Wno-nullability-completeness -pipe  conftest.c -o conftest.i"
checked program was:
/* begin */
1: #include "ruby.h"
2: 
3: #include <unistd.h>
/* end */

--------------------

have_header: checking for inttypes.h... -------------------- yes

"gcc -E -I/Users/vadimteltevski/.rubies/ruby-2.7.5/include/ruby-2.7.0/arm64-darwin21 -I/Users/vadimteltevski/.rubies/ruby-2.7.5/include/ruby-2.7.0/ruby/backward -I/Users/vadimteltevski/.rubies/ruby-2.7.5/include/ruby-2.7.0 -I. -I/opt/homebrew/opt/libpq/include  -I/opt/homebrew/opt/openssl@1.1/include -I/opt/homebrew/opt/readline/include -I/opt/homebrew/opt/libyaml/include -I/opt/homebrew/opt/gdbm/include -D_XOPEN_SOURCE -D_DARWIN_C_SOURCE -D_DARWIN_UNLIMITED_SELECT -D_REENTRANT   -Wno-nullability-completeness -pipe  conftest.c -o conftest.i"
checked program was:
/* begin */
1: #include "ruby.h"
2: 
3: #include <inttypes.h>
/* end */

--------------------

checking for C99 variable length arrays... -------------------- yes

"gcc -I/Users/vadimteltevski/.rubies/ruby-2.7.5/include/ruby-2.7.0/arm64-darwin21 -I/Users/vadimteltevski/.rubies/ruby-2.7.5/include/ruby-2.7.0/ruby/backward -I/Users/vadimteltevski/.rubies/ruby-2.7.5/include/ruby-2.7.0 -I. -I/opt/homebrew/opt/libpq/include  -I/opt/homebrew/opt/openssl@1.1/include -I/opt/homebrew/opt/readline/include -I/opt/homebrew/opt/libyaml/include -I/opt/homebrew/opt/gdbm/include -D_XOPEN_SOURCE -D_DARWIN_C_SOURCE -D_DARWIN_UNLIMITED_SELECT -D_REENTRANT   -Wno-nullability-completeness -pipe -m64  -c conftest.c"
checked program was:
/* begin */
1: #include "ruby.h"
2: 
3: void test_vla(int l){ int vla[l]; }
/* end */

--------------------

extconf.h is:
/* begin */
 1: #ifndef EXTCONF_H
 2: #define EXTCONF_H
 3: #define ENABLE_GVL_UNLOCK 1
 4: #define HAVE_PQCONNINFO 1
 5: #define HAVE_PQSSLATTRIBUTE 1
 6: #define HAVE_PQRESULTVERBOSEERRORMESSAGE 1
 7: #define HAVE_PQENCRYPTPASSWORDCONN 1
 8: #define HAVE_PQRESULTMEMORYSIZE 1
 9: #define HAVE_PQENTERPIPELINEMODE 1
10: #define HAVE_TIMEGM 1
11: #define HAVE_RB_GC_ADJUST_MEMORY_USAGE 1
12: #define HAVE_RB_GC_MARK_MOVABLE 1
13: #define HAVE_UNISTD_H 1
14: #define HAVE_INTTYPES_H 1
15: #define HAVE_VARIABLE_LENGTH_ARRAYS 1
16: #endif
/* end */

