have_header: checking for ruby/st.h... -------------------- yes

"gcc -o conftest -I/Users/vadimteltevski/.rubies/ruby-2.7.5/include/ruby-2.7.0/arm64-darwin21 -I/Users/vadimteltevski/.rubies/ruby-2.7.5/include/ruby-2.7.0/ruby/backward -I/Users/vadimteltevski/.rubies/ruby-2.7.5/include/ruby-2.7.0 -I.  -I/opt/homebrew/opt/openssl@1.1/include -I/opt/homebrew/opt/readline/include -I/opt/homebrew/opt/libyaml/include -I/opt/homebrew/opt/gdbm/include -D_XOPEN_SOURCE -D_DARWIN_C_SOURCE -D_DARWIN_UNLIMITED_SELECT -D_REENTRANT   -Wno-nullability-completeness -pipe conftest.c  -L. -L/Users/vadimteltevski/.rubies/ruby-2.7.5/lib -L/opt/homebrew/opt/openssl@1.1/lib -L/opt/homebrew/opt/readline/lib -L/opt/homebrew/opt/libyaml/lib -L/opt/homebrew/opt/gdbm/lib -L. -fstack-protector-strong -L/usr/local/lib -L/opt/homebrew/opt/openssl@1.1/lib -L/opt/homebrew/opt/readline/lib -L/opt/homebrew/opt/libyaml/lib -L/opt/homebrew/opt/gdbm/lib  -m64   -lruby.2.7-static -framework Security -framework Foundation -lpthread -ldl -lobjc   "
checked program was:
/* begin */
1: #include "ruby.h"
2: 
3: int main(int argc, char **argv)
4: {
5:   return !!argv[argc];
6: }
/* end */

"gcc -E -I/Users/vadimteltevski/.rubies/ruby-2.7.5/include/ruby-2.7.0/arm64-darwin21 -I/Users/vadimteltevski/.rubies/ruby-2.7.5/include/ruby-2.7.0/ruby/backward -I/Users/vadimteltevski/.rubies/ruby-2.7.5/include/ruby-2.7.0 -I.  -I/opt/homebrew/opt/openssl@1.1/include -I/opt/homebrew/opt/readline/include -I/opt/homebrew/opt/libyaml/include -I/opt/homebrew/opt/gdbm/include -D_XOPEN_SOURCE -D_DARWIN_C_SOURCE -D_DARWIN_UNLIMITED_SELECT -D_REENTRANT   -Wno-nullability-completeness -pipe  conftest.c -o conftest.i"
checked program was:
/* begin */
1: #include "ruby.h"
2: 
3: #include <ruby/st.h>
/* end */

--------------------

have_header: checking for st.h... -------------------- yes

"gcc -E -I/Users/vadimteltevski/.rubies/ruby-2.7.5/include/ruby-2.7.0/arm64-darwin21 -I/Users/vadimteltevski/.rubies/ruby-2.7.5/include/ruby-2.7.0/ruby/backward -I/Users/vadimteltevski/.rubies/ruby-2.7.5/include/ruby-2.7.0 -I.  -I/opt/homebrew/opt/openssl@1.1/include -I/opt/homebrew/opt/readline/include -I/opt/homebrew/opt/libyaml/include -I/opt/homebrew/opt/gdbm/include -D_XOPEN_SOURCE -D_DARWIN_C_SOURCE -D_DARWIN_UNLIMITED_SELECT -D_REENTRANT   -Wno-nullability-completeness -pipe  conftest.c -o conftest.i"
In file included from conftest.c:3:
/Users/vadimteltevski/.rubies/ruby-2.7.5/include/ruby-2.7.0/ruby/backward/st.h:2:2: warning: use "ruby/st.h" instead of bare "st.h" [-W#warnings]
#warning use "ruby/st.h" instead of bare "st.h"
 ^
1 warning generated.
checked program was:
/* begin */
1: #include "ruby.h"
2: 
3: #include <st.h>
/* end */

--------------------

have_func: checking for rb_enc_interned_str() in ruby.h... -------------------- no

"gcc -o conftest -I/Users/vadimteltevski/.rubies/ruby-2.7.5/include/ruby-2.7.0/arm64-darwin21 -I/Users/vadimteltevski/.rubies/ruby-2.7.5/include/ruby-2.7.0/ruby/backward -I/Users/vadimteltevski/.rubies/ruby-2.7.5/include/ruby-2.7.0 -I.  -I/opt/homebrew/opt/openssl@1.1/include -I/opt/homebrew/opt/readline/include -I/opt/homebrew/opt/libyaml/include -I/opt/homebrew/opt/gdbm/include -D_XOPEN_SOURCE -D_DARWIN_C_SOURCE -D_DARWIN_UNLIMITED_SELECT -D_REENTRANT   -Wno-nullability-completeness -pipe conftest.c  -L. -L/Users/vadimteltevski/.rubies/ruby-2.7.5/lib -L/opt/homebrew/opt/openssl@1.1/lib -L/opt/homebrew/opt/readline/lib -L/opt/homebrew/opt/libyaml/lib -L/opt/homebrew/opt/gdbm/lib -L. -fstack-protector-strong -L/usr/local/lib -L/opt/homebrew/opt/openssl@1.1/lib -L/opt/homebrew/opt/readline/lib -L/opt/homebrew/opt/libyaml/lib -L/opt/homebrew/opt/gdbm/lib  -m64   -lruby.2.7-static -framework Security -framework Foundation -lpthread -ldl -lobjc   "
conftest.c:16:57: error: use of undeclared identifier 'rb_enc_interned_str'
int t(void) { void ((*volatile p)()); p = (void ((*)()))rb_enc_interned_str; return !p; }
                                                        ^
1 error generated.
checked program was:
/* begin */
 1: #include "ruby.h"
 2: 
 3: #include <ruby.h>
 4: 
 5: /*top*/
 6: extern int t(void);
 7: int main(int argc, char **argv)
 8: {
 9:   if (argc > 1000000) {
10:     int (* volatile tp)(void)=(int (*)(void))&t;
11:     printf("%d", (*tp)());
12:   }
13: 
14:   return !!argv[argc];
15: }
16: int t(void) { void ((*volatile p)()); p = (void ((*)()))rb_enc_interned_str; return !p; }
/* end */

"gcc -o conftest -I/Users/vadimteltevski/.rubies/ruby-2.7.5/include/ruby-2.7.0/arm64-darwin21 -I/Users/vadimteltevski/.rubies/ruby-2.7.5/include/ruby-2.7.0/ruby/backward -I/Users/vadimteltevski/.rubies/ruby-2.7.5/include/ruby-2.7.0 -I.  -I/opt/homebrew/opt/openssl@1.1/include -I/opt/homebrew/opt/readline/include -I/opt/homebrew/opt/libyaml/include -I/opt/homebrew/opt/gdbm/include -D_XOPEN_SOURCE -D_DARWIN_C_SOURCE -D_DARWIN_UNLIMITED_SELECT -D_REENTRANT   -Wno-nullability-completeness -pipe conftest.c  -L. -L/Users/vadimteltevski/.rubies/ruby-2.7.5/lib -L/opt/homebrew/opt/openssl@1.1/lib -L/opt/homebrew/opt/readline/lib -L/opt/homebrew/opt/libyaml/lib -L/opt/homebrew/opt/gdbm/lib -L. -fstack-protector-strong -L/usr/local/lib -L/opt/homebrew/opt/openssl@1.1/lib -L/opt/homebrew/opt/readline/lib -L/opt/homebrew/opt/libyaml/lib -L/opt/homebrew/opt/gdbm/lib  -m64   -lruby.2.7-static -framework Security -framework Foundation -lpthread -ldl -lobjc   "
Undefined symbols for architecture arm64:
  "_rb_enc_interned_str", referenced from:
      _t in conftest-21dfaa.o
ld: symbol(s) not found for architecture arm64
clang: error: linker command failed with exit code 1 (use -v to see invocation)
checked program was:
/* begin */
 1: #include "ruby.h"
 2: 
 3: #include <ruby.h>
 4: 
 5: /*top*/
 6: extern int t(void);
 7: int main(int argc, char **argv)
 8: {
 9:   if (argc > 1000000) {
10:     int (* volatile tp)(void)=(int (*)(void))&t;
11:     printf("%d", (*tp)());
12:   }
13: 
14:   return !!argv[argc];
15: }
16: extern void rb_enc_interned_str();
17: int t(void) { rb_enc_interned_str(); return 0; }
/* end */

--------------------

have_func: checking for rb_hash_new_capa() in ruby.h... -------------------- no

"gcc -o conftest -I/Users/vadimteltevski/.rubies/ruby-2.7.5/include/ruby-2.7.0/arm64-darwin21 -I/Users/vadimteltevski/.rubies/ruby-2.7.5/include/ruby-2.7.0/ruby/backward -I/Users/vadimteltevski/.rubies/ruby-2.7.5/include/ruby-2.7.0 -I.  -I/opt/homebrew/opt/openssl@1.1/include -I/opt/homebrew/opt/readline/include -I/opt/homebrew/opt/libyaml/include -I/opt/homebrew/opt/gdbm/include -D_XOPEN_SOURCE -D_DARWIN_C_SOURCE -D_DARWIN_UNLIMITED_SELECT -D_REENTRANT   -Wno-nullability-completeness -pipe conftest.c  -L. -L/Users/vadimteltevski/.rubies/ruby-2.7.5/lib -L/opt/homebrew/opt/openssl@1.1/lib -L/opt/homebrew/opt/readline/lib -L/opt/homebrew/opt/libyaml/lib -L/opt/homebrew/opt/gdbm/lib -L. -fstack-protector-strong -L/usr/local/lib -L/opt/homebrew/opt/openssl@1.1/lib -L/opt/homebrew/opt/readline/lib -L/opt/homebrew/opt/libyaml/lib -L/opt/homebrew/opt/gdbm/lib  -m64   -lruby.2.7-static -framework Security -framework Foundation -lpthread -ldl -lobjc   "
conftest.c:16:57: error: use of undeclared identifier 'rb_hash_new_capa'
int t(void) { void ((*volatile p)()); p = (void ((*)()))rb_hash_new_capa; return !p; }
                                                        ^
1 error generated.
checked program was:
/* begin */
 1: #include "ruby.h"
 2: 
 3: #include <ruby.h>
 4: 
 5: /*top*/
 6: extern int t(void);
 7: int main(int argc, char **argv)
 8: {
 9:   if (argc > 1000000) {
10:     int (* volatile tp)(void)=(int (*)(void))&t;
11:     printf("%d", (*tp)());
12:   }
13: 
14:   return !!argv[argc];
15: }
16: int t(void) { void ((*volatile p)()); p = (void ((*)()))rb_hash_new_capa; return !p; }
/* end */

"gcc -o conftest -I/Users/vadimteltevski/.rubies/ruby-2.7.5/include/ruby-2.7.0/arm64-darwin21 -I/Users/vadimteltevski/.rubies/ruby-2.7.5/include/ruby-2.7.0/ruby/backward -I/Users/vadimteltevski/.rubies/ruby-2.7.5/include/ruby-2.7.0 -I.  -I/opt/homebrew/opt/openssl@1.1/include -I/opt/homebrew/opt/readline/include -I/opt/homebrew/opt/libyaml/include -I/opt/homebrew/opt/gdbm/include -D_XOPEN_SOURCE -D_DARWIN_C_SOURCE -D_DARWIN_UNLIMITED_SELECT -D_REENTRANT   -Wno-nullability-completeness -pipe conftest.c  -L. -L/Users/vadimteltevski/.rubies/ruby-2.7.5/lib -L/opt/homebrew/opt/openssl@1.1/lib -L/opt/homebrew/opt/readline/lib -L/opt/homebrew/opt/libyaml/lib -L/opt/homebrew/opt/gdbm/lib -L. -fstack-protector-strong -L/usr/local/lib -L/opt/homebrew/opt/openssl@1.1/lib -L/opt/homebrew/opt/readline/lib -L/opt/homebrew/opt/libyaml/lib -L/opt/homebrew/opt/gdbm/lib  -m64   -lruby.2.7-static -framework Security -framework Foundation -lpthread -ldl -lobjc   "
Undefined symbols for architecture arm64:
  "_rb_hash_new_capa", referenced from:
      _t in conftest-fcc3ba.o
ld: symbol(s) not found for architecture arm64
clang: error: linker command failed with exit code 1 (use -v to see invocation)
checked program was:
/* begin */
 1: #include "ruby.h"
 2: 
 3: #include <ruby.h>
 4: 
 5: /*top*/
 6: extern int t(void);
 7: int main(int argc, char **argv)
 8: {
 9:   if (argc > 1000000) {
10:     int (* volatile tp)(void)=(int (*)(void))&t;
11:     printf("%d", (*tp)());
12:   }
13: 
14:   return !!argv[argc];
15: }
16: extern void rb_hash_new_capa();
17: int t(void) { rb_hash_new_capa(); return 0; }
/* end */

--------------------

