have_func: checking for rb_absint_size()... -------------------- yes

"gcc -o conftest -I/Users/vadimteltevski/.rubies/ruby-2.7.5/include/ruby-2.7.0/arm64-darwin21 -I/Users/vadimteltevski/.rubies/ruby-2.7.5/include/ruby-2.7.0/ruby/backward -I/Users/vadimteltevski/.rubies/ruby-2.7.5/include/ruby-2.7.0 -I.  -I/opt/homebrew/opt/openssl@1.1/include -I/opt/homebrew/opt/readline/include -I/opt/homebrew/opt/libyaml/include -I/opt/homebrew/opt/gdbm/include -D_XOPEN_SOURCE -D_DARWIN_C_SOURCE -D_DARWIN_UNLIMITED_SELECT -D_REENTRANT   -Wno-nullability-completeness -pipe conftest.c  -L. -L/Users/vadimteltevski/.rubies/ruby-2.7.5/lib -L/opt/homebrew/opt/openssl@1.1/lib -L/opt/homebrew/opt/readline/lib -L/opt/homebrew/opt/libyaml/lib -L/opt/homebrew/opt/gdbm/lib -L. -fstack-protector-strong -L/usr/local/lib -L/opt/homebrew/opt/openssl@1.1/lib -L/opt/homebrew/opt/readline/lib -L/opt/homebrew/opt/libyaml/lib -L/opt/homebrew/opt/gdbm/lib -L/opt/homebrew/opt/openssl@3/lib  -m64   -lruby.2.7-static -framework Security -framework Foundation -lpthread -ldl -lobjc   "
ld: warning: directory not found for option '-L/opt/homebrew/opt/openssl@3/lib'
checked program was:
/* begin */
1: #include "ruby.h"
2: 
3: int main(int argc, char **argv)
4: {
5:   return !!argv[argc];
6: }
/* end */

"gcc -o conftest -I/Users/vadimteltevski/.rubies/ruby-2.7.5/include/ruby-2.7.0/arm64-darwin21 -I/Users/vadimteltevski/.rubies/ruby-2.7.5/include/ruby-2.7.0/ruby/backward -I/Users/vadimteltevski/.rubies/ruby-2.7.5/include/ruby-2.7.0 -I.  -I/opt/homebrew/opt/openssl@1.1/include -I/opt/homebrew/opt/readline/include -I/opt/homebrew/opt/libyaml/include -I/opt/homebrew/opt/gdbm/include -D_XOPEN_SOURCE -D_DARWIN_C_SOURCE -D_DARWIN_UNLIMITED_SELECT -D_REENTRANT   -Wno-nullability-completeness -pipe conftest.c  -L. -L/Users/vadimteltevski/.rubies/ruby-2.7.5/lib -L/opt/homebrew/opt/openssl@1.1/lib -L/opt/homebrew/opt/readline/lib -L/opt/homebrew/opt/libyaml/lib -L/opt/homebrew/opt/gdbm/lib -L. -fstack-protector-strong -L/usr/local/lib -L/opt/homebrew/opt/openssl@1.1/lib -L/opt/homebrew/opt/readline/lib -L/opt/homebrew/opt/libyaml/lib -L/opt/homebrew/opt/gdbm/lib -L/opt/homebrew/opt/openssl@3/lib  -m64   -lruby.2.7-static -framework Security -framework Foundation -lpthread -ldl -lobjc   "
ld: warning: directory not found for option '-L/opt/homebrew/opt/openssl@3/lib'
checked program was:
/* begin */
 1: #include "ruby.h"
 2: 
 3: /*top*/
 4: extern int t(void);
 5: int main(int argc, char **argv)
 6: {
 7:   if (argc > 1000000) {
 8:     int (* volatile tp)(void)=(int (*)(void))&t;
 9:     printf("%d", (*tp)());
10:   }
11: 
12:   return !!argv[argc];
13: }
14: int t(void) { void ((*volatile p)()); p = (void ((*)()))rb_absint_size; return !p; }
/* end */

--------------------

have_func: checking for rb_absint_singlebit_p()... -------------------- yes

"gcc -o conftest -I/Users/vadimteltevski/.rubies/ruby-2.7.5/include/ruby-2.7.0/arm64-darwin21 -I/Users/vadimteltevski/.rubies/ruby-2.7.5/include/ruby-2.7.0/ruby/backward -I/Users/vadimteltevski/.rubies/ruby-2.7.5/include/ruby-2.7.0 -I.  -I/opt/homebrew/opt/openssl@1.1/include -I/opt/homebrew/opt/readline/include -I/opt/homebrew/opt/libyaml/include -I/opt/homebrew/opt/gdbm/include -D_XOPEN_SOURCE -D_DARWIN_C_SOURCE -D_DARWIN_UNLIMITED_SELECT -D_REENTRANT   -Wno-nullability-completeness -pipe conftest.c  -L. -L/Users/vadimteltevski/.rubies/ruby-2.7.5/lib -L/opt/homebrew/opt/openssl@1.1/lib -L/opt/homebrew/opt/readline/lib -L/opt/homebrew/opt/libyaml/lib -L/opt/homebrew/opt/gdbm/lib -L. -fstack-protector-strong -L/usr/local/lib -L/opt/homebrew/opt/openssl@1.1/lib -L/opt/homebrew/opt/readline/lib -L/opt/homebrew/opt/libyaml/lib -L/opt/homebrew/opt/gdbm/lib -L/opt/homebrew/opt/openssl@3/lib  -m64   -lruby.2.7-static -framework Security -framework Foundation -lpthread -ldl -lobjc   "
ld: warning: directory not found for option '-L/opt/homebrew/opt/openssl@3/lib'
checked program was:
/* begin */
 1: #include "ruby.h"
 2: 
 3: /*top*/
 4: extern int t(void);
 5: int main(int argc, char **argv)
 6: {
 7:   if (argc > 1000000) {
 8:     int (* volatile tp)(void)=(int (*)(void))&t;
 9:     printf("%d", (*tp)());
10:   }
11: 
12:   return !!argv[argc];
13: }
14: int t(void) { void ((*volatile p)()); p = (void ((*)()))rb_absint_singlebit_p; return !p; }
/* end */

--------------------

have_func: checking for rb_wait_for_single_fd()... -------------------- yes

"gcc -o conftest -I/Users/vadimteltevski/.rubies/ruby-2.7.5/include/ruby-2.7.0/arm64-darwin21 -I/Users/vadimteltevski/.rubies/ruby-2.7.5/include/ruby-2.7.0/ruby/backward -I/Users/vadimteltevski/.rubies/ruby-2.7.5/include/ruby-2.7.0 -I.  -I/opt/homebrew/opt/openssl@1.1/include -I/opt/homebrew/opt/readline/include -I/opt/homebrew/opt/libyaml/include -I/opt/homebrew/opt/gdbm/include -D_XOPEN_SOURCE -D_DARWIN_C_SOURCE -D_DARWIN_UNLIMITED_SELECT -D_REENTRANT   -Wno-nullability-completeness -pipe conftest.c  -L. -L/Users/vadimteltevski/.rubies/ruby-2.7.5/lib -L/opt/homebrew/opt/openssl@1.1/lib -L/opt/homebrew/opt/readline/lib -L/opt/homebrew/opt/libyaml/lib -L/opt/homebrew/opt/gdbm/lib -L. -fstack-protector-strong -L/usr/local/lib -L/opt/homebrew/opt/openssl@1.1/lib -L/opt/homebrew/opt/readline/lib -L/opt/homebrew/opt/libyaml/lib -L/opt/homebrew/opt/gdbm/lib -L/opt/homebrew/opt/openssl@3/lib  -m64   -lruby.2.7-static -framework Security -framework Foundation -lpthread -ldl -lobjc   "
conftest.c:14:57: error: use of undeclared identifier 'rb_wait_for_single_fd'
int t(void) { void ((*volatile p)()); p = (void ((*)()))rb_wait_for_single_fd; return !p; }
                                                        ^
1 error generated.
checked program was:
/* begin */
 1: #include "ruby.h"
 2: 
 3: /*top*/
 4: extern int t(void);
 5: int main(int argc, char **argv)
 6: {
 7:   if (argc > 1000000) {
 8:     int (* volatile tp)(void)=(int (*)(void))&t;
 9:     printf("%d", (*tp)());
10:   }
11: 
12:   return !!argv[argc];
13: }
14: int t(void) { void ((*volatile p)()); p = (void ((*)()))rb_wait_for_single_fd; return !p; }
/* end */

"gcc -o conftest -I/Users/vadimteltevski/.rubies/ruby-2.7.5/include/ruby-2.7.0/arm64-darwin21 -I/Users/vadimteltevski/.rubies/ruby-2.7.5/include/ruby-2.7.0/ruby/backward -I/Users/vadimteltevski/.rubies/ruby-2.7.5/include/ruby-2.7.0 -I.  -I/opt/homebrew/opt/openssl@1.1/include -I/opt/homebrew/opt/readline/include -I/opt/homebrew/opt/libyaml/include -I/opt/homebrew/opt/gdbm/include -D_XOPEN_SOURCE -D_DARWIN_C_SOURCE -D_DARWIN_UNLIMITED_SELECT -D_REENTRANT   -Wno-nullability-completeness -pipe conftest.c  -L. -L/Users/vadimteltevski/.rubies/ruby-2.7.5/lib -L/opt/homebrew/opt/openssl@1.1/lib -L/opt/homebrew/opt/readline/lib -L/opt/homebrew/opt/libyaml/lib -L/opt/homebrew/opt/gdbm/lib -L. -fstack-protector-strong -L/usr/local/lib -L/opt/homebrew/opt/openssl@1.1/lib -L/opt/homebrew/opt/readline/lib -L/opt/homebrew/opt/libyaml/lib -L/opt/homebrew/opt/gdbm/lib -L/opt/homebrew/opt/openssl@3/lib  -m64   -lruby.2.7-static -framework Security -framework Foundation -lpthread -ldl -lobjc   "
ld: warning: directory not found for option '-L/opt/homebrew/opt/openssl@3/lib'
checked program was:
/* begin */
 1: #include "ruby.h"
 2: 
 3: /*top*/
 4: extern int t(void);
 5: int main(int argc, char **argv)
 6: {
 7:   if (argc > 1000000) {
 8:     int (* volatile tp)(void)=(int (*)(void))&t;
 9:     printf("%d", (*tp)());
10:   }
11: 
12:   return !!argv[argc];
13: }
14: extern void rb_wait_for_single_fd();
15: int t(void) { rb_wait_for_single_fd(); return 0; }
/* end */

--------------------

have_func: checking for rb_enc_interned_str() in ruby.h... -------------------- no

"gcc -o conftest -I/Users/vadimteltevski/.rubies/ruby-2.7.5/include/ruby-2.7.0/arm64-darwin21 -I/Users/vadimteltevski/.rubies/ruby-2.7.5/include/ruby-2.7.0/ruby/backward -I/Users/vadimteltevski/.rubies/ruby-2.7.5/include/ruby-2.7.0 -I.  -I/opt/homebrew/opt/openssl@1.1/include -I/opt/homebrew/opt/readline/include -I/opt/homebrew/opt/libyaml/include -I/opt/homebrew/opt/gdbm/include -D_XOPEN_SOURCE -D_DARWIN_C_SOURCE -D_DARWIN_UNLIMITED_SELECT -D_REENTRANT   -Wno-nullability-completeness -pipe conftest.c  -L. -L/Users/vadimteltevski/.rubies/ruby-2.7.5/lib -L/opt/homebrew/opt/openssl@1.1/lib -L/opt/homebrew/opt/readline/lib -L/opt/homebrew/opt/libyaml/lib -L/opt/homebrew/opt/gdbm/lib -L. -fstack-protector-strong -L/usr/local/lib -L/opt/homebrew/opt/openssl@1.1/lib -L/opt/homebrew/opt/readline/lib -L/opt/homebrew/opt/libyaml/lib -L/opt/homebrew/opt/gdbm/lib -L/opt/homebrew/opt/openssl@3/lib  -m64   -lruby.2.7-static -framework Security -framework Foundation -lpthread -ldl -lobjc   "
conftest.c:16:57: error: use of undeclared identifier 'rb_enc_interned_str'
int t(void) { void ((*volatile p)()); p = (void ((*)()))rb_enc_interned_str; return !p; }
                                                        ^
1 error generated.
checked program was:
/* begin */
 1: #include "ruby.h"
 2: 
 3: #include <ruby.h>
 4: 
 5: /*top*/
 6: extern int t(void);
 7: int main(int argc, char **argv)
 8: {
 9:   if (argc > 1000000) {
10:     int (* volatile tp)(void)=(int (*)(void))&t;
11:     printf("%d", (*tp)());
12:   }
13: 
14:   return !!argv[argc];
15: }
16: int t(void) { void ((*volatile p)()); p = (void ((*)()))rb_enc_interned_str; return !p; }
/* end */

"gcc -o conftest -I/Users/vadimteltevski/.rubies/ruby-2.7.5/include/ruby-2.7.0/arm64-darwin21 -I/Users/vadimteltevski/.rubies/ruby-2.7.5/include/ruby-2.7.0/ruby/backward -I/Users/vadimteltevski/.rubies/ruby-2.7.5/include/ruby-2.7.0 -I.  -I/opt/homebrew/opt/openssl@1.1/include -I/opt/homebrew/opt/readline/include -I/opt/homebrew/opt/libyaml/include -I/opt/homebrew/opt/gdbm/include -D_XOPEN_SOURCE -D_DARWIN_C_SOURCE -D_DARWIN_UNLIMITED_SELECT -D_REENTRANT   -Wno-nullability-completeness -pipe conftest.c  -L. -L/Users/vadimteltevski/.rubies/ruby-2.7.5/lib -L/opt/homebrew/opt/openssl@1.1/lib -L/opt/homebrew/opt/readline/lib -L/opt/homebrew/opt/libyaml/lib -L/opt/homebrew/opt/gdbm/lib -L. -fstack-protector-strong -L/usr/local/lib -L/opt/homebrew/opt/openssl@1.1/lib -L/opt/homebrew/opt/readline/lib -L/opt/homebrew/opt/libyaml/lib -L/opt/homebrew/opt/gdbm/lib -L/opt/homebrew/opt/openssl@3/lib  -m64   -lruby.2.7-static -framework Security -framework Foundation -lpthread -ldl -lobjc   "
ld: warning: directory not found for option '-L/opt/homebrew/opt/openssl@3/lib'
Undefined symbols for architecture arm64:
  "_rb_enc_interned_str", referenced from:
      _t in conftest-2e1958.o
ld: symbol(s) not found for architecture arm64
clang: error: linker command failed with exit code 1 (use -v to see invocation)
checked program was:
/* begin */
 1: #include "ruby.h"
 2: 
 3: #include <ruby.h>
 4: 
 5: /*top*/
 6: extern int t(void);
 7: int main(int argc, char **argv)
 8: {
 9:   if (argc > 1000000) {
10:     int (* volatile tp)(void)=(int (*)(void))&t;
11:     printf("%d", (*tp)());
12:   }
13: 
14:   return !!argv[argc];
15: }
16: extern void rb_enc_interned_str();
17: int t(void) { rb_enc_interned_str(); return 0; }
/* end */

--------------------

have_header: checking for mysql.h... -------------------- yes

"gcc -E -I/Users/vadimteltevski/.rubies/ruby-2.7.5/include/ruby-2.7.0/arm64-darwin21 -I/Users/vadimteltevski/.rubies/ruby-2.7.5/include/ruby-2.7.0/ruby/backward -I/Users/vadimteltevski/.rubies/ruby-2.7.5/include/ruby-2.7.0 -I. -I/opt/homebrew/opt/mysql@5.7/include/mysql  -I/opt/homebrew/opt/openssl@1.1/include -I/opt/homebrew/opt/readline/include -I/opt/homebrew/opt/libyaml/include -I/opt/homebrew/opt/gdbm/include -D_XOPEN_SOURCE -D_DARWIN_C_SOURCE -D_DARWIN_UNLIMITED_SELECT -D_REENTRANT   -Wno-nullability-completeness -pipe  conftest.c -o conftest.i"
checked program was:
/* begin */
1: #include "ruby.h"
2: 
3: #include <mysql.h>
/* end */

--------------------

have_header: checking for errmsg.h... -------------------- yes

"gcc -E -I/Users/vadimteltevski/.rubies/ruby-2.7.5/include/ruby-2.7.0/arm64-darwin21 -I/Users/vadimteltevski/.rubies/ruby-2.7.5/include/ruby-2.7.0/ruby/backward -I/Users/vadimteltevski/.rubies/ruby-2.7.5/include/ruby-2.7.0 -I. -I/opt/homebrew/opt/mysql@5.7/include/mysql  -I/opt/homebrew/opt/openssl@1.1/include -I/opt/homebrew/opt/readline/include -I/opt/homebrew/opt/libyaml/include -I/opt/homebrew/opt/gdbm/include -D_XOPEN_SOURCE -D_DARWIN_C_SOURCE -D_DARWIN_UNLIMITED_SELECT -D_REENTRANT   -Wno-nullability-completeness -pipe  conftest.c -o conftest.i"
checked program was:
/* begin */
1: #include "ruby.h"
2: 
3: #include <errmsg.h>
/* end */

--------------------

have_const: checking for SSL_MODE_DISABLED in mysql.h... -------------------- yes

"gcc -I/Users/vadimteltevski/.rubies/ruby-2.7.5/include/ruby-2.7.0/arm64-darwin21 -I/Users/vadimteltevski/.rubies/ruby-2.7.5/include/ruby-2.7.0/ruby/backward -I/Users/vadimteltevski/.rubies/ruby-2.7.5/include/ruby-2.7.0 -I. -I/opt/homebrew/opt/mysql@5.7/include/mysql  -I/opt/homebrew/opt/openssl@1.1/include -I/opt/homebrew/opt/readline/include -I/opt/homebrew/opt/libyaml/include -I/opt/homebrew/opt/gdbm/include -D_XOPEN_SOURCE -D_DARWIN_C_SOURCE -D_DARWIN_UNLIMITED_SELECT -D_REENTRANT   -Wno-nullability-completeness -pipe -m64  -c conftest.c"
checked program was:
/* begin */
1: #include "ruby.h"
2: 
3: #include <mysql.h>
4: 
5: /*top*/
6: typedef int conftest_type;
7: conftest_type conftestval = (int)SSL_MODE_DISABLED;
/* end */

--------------------

have_const: checking for SSL_MODE_PREFERRED in mysql.h... -------------------- yes

"gcc -I/Users/vadimteltevski/.rubies/ruby-2.7.5/include/ruby-2.7.0/arm64-darwin21 -I/Users/vadimteltevski/.rubies/ruby-2.7.5/include/ruby-2.7.0/ruby/backward -I/Users/vadimteltevski/.rubies/ruby-2.7.5/include/ruby-2.7.0 -I. -I/opt/homebrew/opt/mysql@5.7/include/mysql  -I/opt/homebrew/opt/openssl@1.1/include -I/opt/homebrew/opt/readline/include -I/opt/homebrew/opt/libyaml/include -I/opt/homebrew/opt/gdbm/include -D_XOPEN_SOURCE -D_DARWIN_C_SOURCE -D_DARWIN_UNLIMITED_SELECT -D_REENTRANT   -Wno-nullability-completeness -pipe -m64  -c conftest.c"
checked program was:
/* begin */
1: #include "ruby.h"
2: 
3: #include <mysql.h>
4: 
5: /*top*/
6: typedef int conftest_type;
7: conftest_type conftestval = (int)SSL_MODE_PREFERRED;
/* end */

--------------------

have_const: checking for SSL_MODE_REQUIRED in mysql.h... -------------------- yes

"gcc -I/Users/vadimteltevski/.rubies/ruby-2.7.5/include/ruby-2.7.0/arm64-darwin21 -I/Users/vadimteltevski/.rubies/ruby-2.7.5/include/ruby-2.7.0/ruby/backward -I/Users/vadimteltevski/.rubies/ruby-2.7.5/include/ruby-2.7.0 -I. -I/opt/homebrew/opt/mysql@5.7/include/mysql  -I/opt/homebrew/opt/openssl@1.1/include -I/opt/homebrew/opt/readline/include -I/opt/homebrew/opt/libyaml/include -I/opt/homebrew/opt/gdbm/include -D_XOPEN_SOURCE -D_DARWIN_C_SOURCE -D_DARWIN_UNLIMITED_SELECT -D_REENTRANT   -Wno-nullability-completeness -pipe -m64  -c conftest.c"
checked program was:
/* begin */
1: #include "ruby.h"
2: 
3: #include <mysql.h>
4: 
5: /*top*/
6: typedef int conftest_type;
7: conftest_type conftestval = (int)SSL_MODE_REQUIRED;
/* end */

--------------------

have_const: checking for SSL_MODE_VERIFY_CA in mysql.h... -------------------- yes

"gcc -I/Users/vadimteltevski/.rubies/ruby-2.7.5/include/ruby-2.7.0/arm64-darwin21 -I/Users/vadimteltevski/.rubies/ruby-2.7.5/include/ruby-2.7.0/ruby/backward -I/Users/vadimteltevski/.rubies/ruby-2.7.5/include/ruby-2.7.0 -I. -I/opt/homebrew/opt/mysql@5.7/include/mysql  -I/opt/homebrew/opt/openssl@1.1/include -I/opt/homebrew/opt/readline/include -I/opt/homebrew/opt/libyaml/include -I/opt/homebrew/opt/gdbm/include -D_XOPEN_SOURCE -D_DARWIN_C_SOURCE -D_DARWIN_UNLIMITED_SELECT -D_REENTRANT   -Wno-nullability-completeness -pipe -m64  -c conftest.c"
checked program was:
/* begin */
1: #include "ruby.h"
2: 
3: #include <mysql.h>
4: 
5: /*top*/
6: typedef int conftest_type;
7: conftest_type conftestval = (int)SSL_MODE_VERIFY_CA;
/* end */

--------------------

have_const: checking for SSL_MODE_VERIFY_IDENTITY in mysql.h... -------------------- yes

"gcc -I/Users/vadimteltevski/.rubies/ruby-2.7.5/include/ruby-2.7.0/arm64-darwin21 -I/Users/vadimteltevski/.rubies/ruby-2.7.5/include/ruby-2.7.0/ruby/backward -I/Users/vadimteltevski/.rubies/ruby-2.7.5/include/ruby-2.7.0 -I. -I/opt/homebrew/opt/mysql@5.7/include/mysql  -I/opt/homebrew/opt/openssl@1.1/include -I/opt/homebrew/opt/readline/include -I/opt/homebrew/opt/libyaml/include -I/opt/homebrew/opt/gdbm/include -D_XOPEN_SOURCE -D_DARWIN_C_SOURCE -D_DARWIN_UNLIMITED_SELECT -D_REENTRANT   -Wno-nullability-completeness -pipe -m64  -c conftest.c"
checked program was:
/* begin */
1: #include "ruby.h"
2: 
3: #include <mysql.h>
4: 
5: /*top*/
6: typedef int conftest_type;
7: conftest_type conftestval = (int)SSL_MODE_VERIFY_IDENTITY;
/* end */

--------------------

have_struct_member: checking for MYSQL.net.vio in mysql.h... -------------------- yes

"gcc -I/Users/vadimteltevski/.rubies/ruby-2.7.5/include/ruby-2.7.0/arm64-darwin21 -I/Users/vadimteltevski/.rubies/ruby-2.7.5/include/ruby-2.7.0/ruby/backward -I/Users/vadimteltevski/.rubies/ruby-2.7.5/include/ruby-2.7.0 -I. -I/opt/homebrew/opt/mysql@5.7/include/mysql  -I/opt/homebrew/opt/openssl@1.1/include -I/opt/homebrew/opt/readline/include -I/opt/homebrew/opt/libyaml/include -I/opt/homebrew/opt/gdbm/include -D_XOPEN_SOURCE -D_DARWIN_C_SOURCE -D_DARWIN_UNLIMITED_SELECT -D_REENTRANT   -Wno-nullability-completeness -pipe -DFULL_SSL_MODE_SUPPORT -m64  -c conftest.c"
checked program was:
/* begin */
 1: #include "ruby.h"
 2: 
 3: #include <mysql.h>
 4: 
 5: /*top*/
 6: int s = (char *)&((MYSQL*)0)->net.vio - (char *)0;
 7: int main(int argc, char **argv)
 8: {
 9:   return !!argv[argc];
10: }
/* end */

--------------------

have_struct_member: checking for MYSQL.net.pvio in mysql.h... -------------------- no

"gcc -I/Users/vadimteltevski/.rubies/ruby-2.7.5/include/ruby-2.7.0/arm64-darwin21 -I/Users/vadimteltevski/.rubies/ruby-2.7.5/include/ruby-2.7.0/ruby/backward -I/Users/vadimteltevski/.rubies/ruby-2.7.5/include/ruby-2.7.0 -I. -I/opt/homebrew/opt/mysql@5.7/include/mysql  -I/opt/homebrew/opt/openssl@1.1/include -I/opt/homebrew/opt/readline/include -I/opt/homebrew/opt/libyaml/include -I/opt/homebrew/opt/gdbm/include -D_XOPEN_SOURCE -D_DARWIN_C_SOURCE -D_DARWIN_UNLIMITED_SELECT -D_REENTRANT   -Wno-nullability-completeness -pipe -DFULL_SSL_MODE_SUPPORT -m64  -c conftest.c"
conftest.c:6:35: error: no member named 'pvio' in 'struct st_net'; did you mean 'vio'?
int s = (char *)&((MYSQL*)0)->net.pvio - (char *)0;
                                  ^~~~
                                  vio
/opt/homebrew/opt/mysql@5.7/include/mysql/mysql_com.h:346:8: note: 'vio' declared here
  Vio *vio;
       ^
1 error generated.
checked program was:
/* begin */
 1: #include "ruby.h"
 2: 
 3: #include <mysql.h>
 4: 
 5: /*top*/
 6: int s = (char *)&((MYSQL*)0)->net.pvio - (char *)0;
 7: int main(int argc, char **argv)
 8: {
 9:   return !!argv[argc];
10: }
/* end */

--------------------

have_const: checking for MYSQL_DEFAULT_AUTH in mysql.h... -------------------- yes

"gcc -I/Users/vadimteltevski/.rubies/ruby-2.7.5/include/ruby-2.7.0/arm64-darwin21 -I/Users/vadimteltevski/.rubies/ruby-2.7.5/include/ruby-2.7.0/ruby/backward -I/Users/vadimteltevski/.rubies/ruby-2.7.5/include/ruby-2.7.0 -I. -I/opt/homebrew/opt/mysql@5.7/include/mysql  -I/opt/homebrew/opt/openssl@1.1/include -I/opt/homebrew/opt/readline/include -I/opt/homebrew/opt/libyaml/include -I/opt/homebrew/opt/gdbm/include -D_XOPEN_SOURCE -D_DARWIN_C_SOURCE -D_DARWIN_UNLIMITED_SELECT -D_REENTRANT   -Wno-nullability-completeness -pipe -DFULL_SSL_MODE_SUPPORT -m64  -c conftest.c"
checked program was:
/* begin */
1: #include "ruby.h"
2: 
3: #include <mysql.h>
4: 
5: /*top*/
6: typedef int conftest_type;
7: conftest_type conftestval = (int)MYSQL_DEFAULT_AUTH;
/* end */

--------------------

have_const: checking for MYSQL_ENABLE_CLEARTEXT_PLUGIN in mysql.h... -------------------- yes

"gcc -I/Users/vadimteltevski/.rubies/ruby-2.7.5/include/ruby-2.7.0/arm64-darwin21 -I/Users/vadimteltevski/.rubies/ruby-2.7.5/include/ruby-2.7.0/ruby/backward -I/Users/vadimteltevski/.rubies/ruby-2.7.5/include/ruby-2.7.0 -I. -I/opt/homebrew/opt/mysql@5.7/include/mysql  -I/opt/homebrew/opt/openssl@1.1/include -I/opt/homebrew/opt/readline/include -I/opt/homebrew/opt/libyaml/include -I/opt/homebrew/opt/gdbm/include -D_XOPEN_SOURCE -D_DARWIN_C_SOURCE -D_DARWIN_UNLIMITED_SELECT -D_REENTRANT   -Wno-nullability-completeness -pipe -DFULL_SSL_MODE_SUPPORT -m64  -c conftest.c"
checked program was:
/* begin */
1: #include "ruby.h"
2: 
3: #include <mysql.h>
4: 
5: /*top*/
6: typedef int conftest_type;
7: conftest_type conftestval = (int)MYSQL_ENABLE_CLEARTEXT_PLUGIN;
/* end */

--------------------

have_const: checking for SERVER_QUERY_NO_GOOD_INDEX_USED in mysql.h... -------------------- yes

"gcc -I/Users/vadimteltevski/.rubies/ruby-2.7.5/include/ruby-2.7.0/arm64-darwin21 -I/Users/vadimteltevski/.rubies/ruby-2.7.5/include/ruby-2.7.0/ruby/backward -I/Users/vadimteltevski/.rubies/ruby-2.7.5/include/ruby-2.7.0 -I. -I/opt/homebrew/opt/mysql@5.7/include/mysql  -I/opt/homebrew/opt/openssl@1.1/include -I/opt/homebrew/opt/readline/include -I/opt/homebrew/opt/libyaml/include -I/opt/homebrew/opt/gdbm/include -D_XOPEN_SOURCE -D_DARWIN_C_SOURCE -D_DARWIN_UNLIMITED_SELECT -D_REENTRANT   -Wno-nullability-completeness -pipe -DFULL_SSL_MODE_SUPPORT -m64  -c conftest.c"
checked program was:
/* begin */
1: #include "ruby.h"
2: 
3: #include <mysql.h>
4: 
5: /*top*/
6: typedef int conftest_type;
7: conftest_type conftestval = (int)SERVER_QUERY_NO_GOOD_INDEX_USED;
/* end */

--------------------

have_const: checking for SERVER_QUERY_NO_INDEX_USED in mysql.h... -------------------- yes

"gcc -I/Users/vadimteltevski/.rubies/ruby-2.7.5/include/ruby-2.7.0/arm64-darwin21 -I/Users/vadimteltevski/.rubies/ruby-2.7.5/include/ruby-2.7.0/ruby/backward -I/Users/vadimteltevski/.rubies/ruby-2.7.5/include/ruby-2.7.0 -I. -I/opt/homebrew/opt/mysql@5.7/include/mysql  -I/opt/homebrew/opt/openssl@1.1/include -I/opt/homebrew/opt/readline/include -I/opt/homebrew/opt/libyaml/include -I/opt/homebrew/opt/gdbm/include -D_XOPEN_SOURCE -D_DARWIN_C_SOURCE -D_DARWIN_UNLIMITED_SELECT -D_REENTRANT   -Wno-nullability-completeness -pipe -DFULL_SSL_MODE_SUPPORT -m64  -c conftest.c"
checked program was:
/* begin */
1: #include "ruby.h"
2: 
3: #include <mysql.h>
4: 
5: /*top*/
6: typedef int conftest_type;
7: conftest_type conftestval = (int)SERVER_QUERY_NO_INDEX_USED;
/* end */

--------------------

have_const: checking for SERVER_QUERY_WAS_SLOW in mysql.h... -------------------- yes

"gcc -I/Users/vadimteltevski/.rubies/ruby-2.7.5/include/ruby-2.7.0/arm64-darwin21 -I/Users/vadimteltevski/.rubies/ruby-2.7.5/include/ruby-2.7.0/ruby/backward -I/Users/vadimteltevski/.rubies/ruby-2.7.5/include/ruby-2.7.0 -I. -I/opt/homebrew/opt/mysql@5.7/include/mysql  -I/opt/homebrew/opt/openssl@1.1/include -I/opt/homebrew/opt/readline/include -I/opt/homebrew/opt/libyaml/include -I/opt/homebrew/opt/gdbm/include -D_XOPEN_SOURCE -D_DARWIN_C_SOURCE -D_DARWIN_UNLIMITED_SELECT -D_REENTRANT   -Wno-nullability-completeness -pipe -DFULL_SSL_MODE_SUPPORT -m64  -c conftest.c"
checked program was:
/* begin */
1: #include "ruby.h"
2: 
3: #include <mysql.h>
4: 
5: /*top*/
6: typedef int conftest_type;
7: conftest_type conftestval = (int)SERVER_QUERY_WAS_SLOW;
/* end */

--------------------

have_const: checking for MYSQL_OPTION_MULTI_STATEMENTS_ON in mysql.h... -------------------- yes

"gcc -I/Users/vadimteltevski/.rubies/ruby-2.7.5/include/ruby-2.7.0/arm64-darwin21 -I/Users/vadimteltevski/.rubies/ruby-2.7.5/include/ruby-2.7.0/ruby/backward -I/Users/vadimteltevski/.rubies/ruby-2.7.5/include/ruby-2.7.0 -I. -I/opt/homebrew/opt/mysql@5.7/include/mysql  -I/opt/homebrew/opt/openssl@1.1/include -I/opt/homebrew/opt/readline/include -I/opt/homebrew/opt/libyaml/include -I/opt/homebrew/opt/gdbm/include -D_XOPEN_SOURCE -D_DARWIN_C_SOURCE -D_DARWIN_UNLIMITED_SELECT -D_REENTRANT   -Wno-nullability-completeness -pipe -DFULL_SSL_MODE_SUPPORT -m64  -c conftest.c"
checked program was:
/* begin */
1: #include "ruby.h"
2: 
3: #include <mysql.h>
4: 
5: /*top*/
6: typedef int conftest_type;
7: conftest_type conftestval = (int)MYSQL_OPTION_MULTI_STATEMENTS_ON;
/* end */

--------------------

have_const: checking for MYSQL_OPTION_MULTI_STATEMENTS_OFF in mysql.h... -------------------- yes

"gcc -I/Users/vadimteltevski/.rubies/ruby-2.7.5/include/ruby-2.7.0/arm64-darwin21 -I/Users/vadimteltevski/.rubies/ruby-2.7.5/include/ruby-2.7.0/ruby/backward -I/Users/vadimteltevski/.rubies/ruby-2.7.5/include/ruby-2.7.0 -I. -I/opt/homebrew/opt/mysql@5.7/include/mysql  -I/opt/homebrew/opt/openssl@1.1/include -I/opt/homebrew/opt/readline/include -I/opt/homebrew/opt/libyaml/include -I/opt/homebrew/opt/gdbm/include -D_XOPEN_SOURCE -D_DARWIN_C_SOURCE -D_DARWIN_UNLIMITED_SELECT -D_REENTRANT   -Wno-nullability-completeness -pipe -DFULL_SSL_MODE_SUPPORT -m64  -c conftest.c"
checked program was:
/* begin */
1: #include "ruby.h"
2: 
3: #include <mysql.h>
4: 
5: /*top*/
6: typedef int conftest_type;
7: conftest_type conftestval = (int)MYSQL_OPTION_MULTI_STATEMENTS_OFF;
/* end */

--------------------

have_type: checking for my_bool in mysql.h... -------------------- yes

"gcc -I/Users/vadimteltevski/.rubies/ruby-2.7.5/include/ruby-2.7.0/arm64-darwin21 -I/Users/vadimteltevski/.rubies/ruby-2.7.5/include/ruby-2.7.0/ruby/backward -I/Users/vadimteltevski/.rubies/ruby-2.7.5/include/ruby-2.7.0 -I. -I/opt/homebrew/opt/mysql@5.7/include/mysql  -I/opt/homebrew/opt/openssl@1.1/include -I/opt/homebrew/opt/readline/include -I/opt/homebrew/opt/libyaml/include -I/opt/homebrew/opt/gdbm/include -D_XOPEN_SOURCE -D_DARWIN_C_SOURCE -D_DARWIN_UNLIMITED_SELECT -D_REENTRANT   -Wno-nullability-completeness -pipe -DFULL_SSL_MODE_SUPPORT -m64  -c conftest.c"
checked program was:
/* begin */
1: #include "ruby.h"
2: 
3: #include <mysql.h>
4: 
5: /*top*/
6: typedef my_bool conftest_type;
7: int conftestval[sizeof(conftest_type)?1:-1];
/* end */

--------------------

"gcc -o conftest -I/Users/vadimteltevski/.rubies/ruby-2.7.5/include/ruby-2.7.0/arm64-darwin21 -I/Users/vadimteltevski/.rubies/ruby-2.7.5/include/ruby-2.7.0/ruby/backward -I/Users/vadimteltevski/.rubies/ruby-2.7.5/include/ruby-2.7.0 -I. -I/opt/homebrew/opt/mysql@5.7/include/mysql  -I/opt/homebrew/opt/openssl@1.1/include -I/opt/homebrew/opt/readline/include -I/opt/homebrew/opt/libyaml/include -I/opt/homebrew/opt/gdbm/include -D_XOPEN_SOURCE -D_DARWIN_C_SOURCE -D_DARWIN_UNLIMITED_SELECT -D_REENTRANT   -Wno-nullability-completeness -pipe -DFULL_SSL_MODE_SUPPORT conftest.c  -L. -L/Users/vadimteltevski/.rubies/ruby-2.7.5/lib -L/opt/homebrew/opt/openssl@1.1/lib -L/opt/homebrew/opt/readline/lib -L/opt/homebrew/opt/libyaml/lib -L/opt/homebrew/opt/gdbm/lib -L. -fstack-protector-strong -L/usr/local/lib -L/opt/homebrew/opt/openssl@1.1/lib -L/opt/homebrew/opt/readline/lib -L/opt/homebrew/opt/libyaml/lib -L/opt/homebrew/opt/gdbm/lib -L/opt/homebrew/opt/openssl@3/lib  -m64  -L/opt/homebrew/opt/mysql@5.7/lib -lmysqlclient -lssl -lcrypto  -lruby.2.7-static -framework Security -framework Foundation -lpthread -ldl -lobjc -Werror -Weverything  "
error: include location '/usr/local/include' is unsafe for cross-compilation [-Werror,-Wpoison-system-directories]
In file included from conftest.c:1:
In file included from /Users/vadimteltevski/.rubies/ruby-2.7.5/include/ruby-2.7.0/ruby.h:33:
In file included from /Users/vadimteltevski/.rubies/ruby-2.7.5/include/ruby-2.7.0/ruby/ruby.h:29:
In file included from /Users/vadimteltevski/.rubies/ruby-2.7.5/include/ruby-2.7.0/ruby/defines.h:126:
In file included from /usr/local/include/stdio.h:64:
/usr/local/include/_stdio.h:137:9: error: type nullability specifier '_Nullable' is a Clang extension [-Werror,-Wnullability-extension]
        int     (* _Nullable _close)(void *);
                   ^
/usr/local/include/_stdio.h:138:9: error: type nullability specifier '_Nullable' is a Clang extension [-Werror,-Wnullability-extension]
        int     (* _Nullable _read) (void *, char *, int);
                   ^
/usr/local/include/_stdio.h:139:12: error: type nullability specifier '_Nullable' is a Clang extension [-Werror,-Wnullability-extension]
        fpos_t  (* _Nullable _seek) (void *, fpos_t, int);
                   ^
/usr/local/include/_stdio.h:140:9: error: type nullability specifier '_Nullable' is a Clang extension [-Werror,-Wnullability-extension]
        int     (* _Nullable _write)(void *, const char *, int);
                   ^
In file included from conftest.c:1:
In file included from /Users/vadimteltevski/.rubies/ruby-2.7.5/include/ruby-2.7.0/ruby.h:33:
In file included from /Users/vadimteltevski/.rubies/ruby-2.7.5/include/ruby-2.7.0/ruby/ruby.h:29:
In file included from /Users/vadimteltevski/.rubies/ruby-2.7.5/include/ruby-2.7.0/ruby/defines.h:126:
/usr/local/include/stdio.h:148:21: error: disabled expansion of recursive macro [-Werror,-Wdisabled-macro-expansion]
int      fgetpos(FILE * __restrict, fpos_t *);
                        ^
/usr/local/include/sys/cdefs.h:247:25: note: expanded from macro '__restrict'
#define __restrict      restrict
                        ^
/Users/vadimteltevski/.rubies/ruby-2.7.5/include/ruby-2.7.0/arm64-darwin21/ruby/config.h:56:18: note: expanded from macro 'restrict'
#define restrict __restrict
                 ^
In file included from conftest.c:1:
In file included from /Users/vadimteltevski/.rubies/ruby-2.7.5/include/ruby-2.7.0/ruby.h:33:
In file included from /Users/vadimteltevski/.rubies/ruby-2.7.5/include/ruby-2.7.0/ruby/ruby.h:29:
In file included from /Users/vadimteltevski/.rubies/ruby-2.7.5/include/ruby-2.7.0/ruby/defines.h:126:
/usr/local/include/stdio.h:149:20: error: disabled expansion of recursive macro [-Werror,-Wdisabled-macro-expansion]
char    *fgets(char * __restrict, int, FILE *);
                      ^
/usr/local/include/sys/cdefs.h:247:25: note: expanded from macro '__restrict'
#define __restrict      restrict
                        ^
/Users/vadimteltevski/.rubies/ruby-2.7.5/include/ruby-2.7.0/arm64-darwin21/ruby/config.h:56:18: note: expanded from macro 'restrict'
#define restrict __restrict
                 ^
In file included from conftest.c:1:
In file included from /Users/vadimteltevski/.rubies/ruby-2.7.5/include/ruby-2.7.0/ruby.h:33:
In file included from /Users/vadimteltevski/.rubies/ruby-2.7.5/include/ruby-2.7.0/ruby/ruby.h:29:
In file included from /Users/vadimteltevski/.rubies/ruby-2.7.5/include/ruby-2.7.0/ruby/defines.h:126:
/usr/local/include/stdio.h:151:26: error: disabled expansion of recursive macro [-Werror,-Wdisabled-macro-expansion]
FILE    *fopen(const char * __restrict __filename, const char * __restrict __mode) __DARWIN_ALIAS_STARTING(__MAC_10_6, __IPHONE_3_2, __DARWIN_EXTSN(fopen));
                            ^
/usr/local/include/sys/cdefs.h:247:25: note: expanded from macro '__restrict'
#define __restrict      restrict
                        ^
/Users/vadimteltevski/.rubies/ruby-2.7.5/include/ruby-2.7.0/arm64-darwin21/ruby/config.h:56:18: note: expanded from macro 'restrict'
#define restrict __restrict
                 ^
In file included from conftest.c:1:
In file included from /Users/vadimteltevski/.rubies/ruby-2.7.5/include/ruby-2.7.0/ruby.h:33:
In file included from /Users/vadimteltevski/.rubies/ruby-2.7.5/include/ruby-2.7.0/ruby/ruby.h:29:
In file included from /Users/vadimteltevski/.rubies/ruby-2.7.5/include/ruby-2.7.0/ruby/defines.h:126:
/usr/local/include/stdio.h:151:62: error: disabled expansion of recursive macro [-Werror,-Wdisabled-macro-expansion]
FILE    *fopen(const char * __restrict __filename, const char * __restrict __mode) __DARWIN_ALIAS_STARTING(__MAC_10_6, __IPHONE_3_2, __DARWIN_EXTSN(fopen));
                                                                ^
/usr/local/include/sys/cdefs.h:247:25: note: expanded from macro '__restrict'
#define __restrict      restrict
                        ^
/Users/vadimteltevski/.rubies/ruby-2.7.5/include/ruby-2.7.0/arm64-darwin21/ruby/config.h:56:18: note: expanded from macro 'restrict'
#define restrict __restrict
                 ^
In file included from conftest.c:1:
In file included from /Users/vadimteltevski/.rubies/ruby-2.7.5/include/ruby-2.7.0/ruby.h:33:
In file included from /Users/vadimteltevski/.rubies/ruby-2.7.5/include/ruby-2.7.0/ruby/ruby.h:29:
In file included from /Users/vadimteltevski/.rubies/ruby-2.7.5/include/ruby-2.7.0/ruby/defines.h:126:
/usr/local/include/stdio.h:155:21: error: disabled expansion of recursive macro [-Werror,-Wdisabled-macro-expansion]
int      fprintf(FILE * __restrict, const char * __restrict, ...) __printflike(2, 3);
                        ^
/usr/local/include/sys/cdefs.h:247:25: note: expanded from macro '__restrict'
#define __restrict      restrict
                        ^
/Users/vadimteltevski/.rubies/ruby-2.7.5/include/ruby-2.7.0/arm64-darwin21/ruby/config.h:56:18: note: expanded from macro 'restrict'
#define restrict __restrict
                 ^
In file included from conftest.c:1:
In file included from /Users/vadimteltevski/.rubies/ruby-2.7.5/include/ruby-2.7.0/ruby.h:33:
In file included from /Users/vadimteltevski/.rubies/ruby-2.7.5/include/ruby-2.7.0/ruby/ruby.h:29:
In file included from /Users/vadimteltevski/.rubies/ruby-2.7.5/include/ruby-2.7.0/ruby/defines.h:126:
/usr/local/include/stdio.h:155:46: error: disabled expansion of recursive macro [-Werror,-Wdisabled-macro-expansion]
int      fprintf(FILE * __restrict, const char * __restrict, ...) __printflike(2, 3);
                                                 ^
/usr/local/include/sys/cdefs.h:247:25: note: expanded from macro '__restrict'
#define __restrict      restrict
                        ^
/Users/vadimteltevski/.rubies/ruby-2.7.5/include/ruby-2.7.0/arm64-darwin21/ruby/config.h:56:18: note: expanded from macro 'restrict'
#define restrict __restrict
                 ^
In file included from conftest.c:1:
In file included from /Users/vadimteltevski/.rubies/ruby-2.7.5/include/ruby-2.7.0/ruby.h:33:
In file included from /Users/vadimteltevski/.rubies/ruby-2.7.5/include/ruby-2.7.0/ruby/ruby.h:29:
In file included from /Users/vadimteltevski/.rubies/ruby-2.7.5/include/ruby-2.7.0/ruby/defines.h:126:
/usr/local/include/stdio.h:157:25: error: disabled expansion of recursive macro [-Werror,-Wdisabled-macro-expansion]
int      fputs(const char * __restrict, FILE * __restrict) __DARWIN_ALIAS(fputs);
                            ^
/usr/local/include/sys/cdefs.h:247:25: note: expanded from macro '__restrict'
#define __restrict      restrict
                        ^
/Users/vadimteltevski/.rubies/ruby-2.7.5/include/ruby-2.7.0/arm64-darwin21/ruby/config.h:56:18: note: expanded from macro 'restrict'
#define restrict __restrict
                 ^
In file included from conftest.c:1:
In file included from /Users/vadimteltevski/.rubies/ruby-2.7.5/include/ruby-2.7.0/ruby.h:33:
In file included from /Users/vadimteltevski/.rubies/ruby-2.7.5/include/ruby-2.7.0/ruby/ruby.h:29:
In file included from /Users/vadimteltevski/.rubies/ruby-2.7.5/include/ruby-2.7.0/ruby/defines.h:126:
/usr/local/include/stdio.h:157:44: error: disabled expansion of recursive macro [-Werror,-Wdisabled-macro-expansion]
int      fputs(const char * __restrict, FILE * __restrict) __DARWIN_ALIAS(fputs);
                                               ^
/usr/local/include/sys/cdefs.h:247:25: note: expanded from macro '__restrict'
#define __restrict      restrict
                        ^
/Users/vadimteltevski/.rubies/ruby-2.7.5/include/ruby-2.7.0/arm64-darwin21/ruby/config.h:56:18: note: expanded from macro 'restrict'
#define restrict __restrict
                 ^
In file included from conftest.c:1:
In file included from /Users/vadimteltevski/.rubies/ruby-2.7.5/include/ruby-2.7.0/ruby.h:33:
In file included from /Users/vadimteltevski/.rubies/ruby-2.7.5/include/ruby-2.7.0/ruby/ruby.h:29:
In file included from /Users/vadimteltevski/.rubies/ruby-2.7.5/include/ruby-2.7.0/ruby/defines.h:126:
/usr/local/include/stdio.h:158:22: error: disabled expansion of recursive macro [-Werror,-Wdisabled-macro-expansion]
size_t   fread(void * __restrict __ptr, size_t __size, size_t __nitems, FILE * __restrict __stream);
                      ^
/usr/local/include/sys/cdefs.h:247:25: note: expanded from macro '__restrict'
#define __restrict      restrict
                        ^
/Users/vadimteltevski/.rubies/ruby-2.7.5/include/ruby-2.7.0/arm64-darwin21/ruby/config.h:56:18: note: expanded from macro 'restrict'
#define restrict __restrict
                 ^
In file included from conftest.c:1:
In file included from /Users/vadimteltevski/.rubies/ruby-2.7.5/include/ruby-2.7.0/ruby.h:33:
In file included from /Users/vadimteltevski/.rubies/ruby-2.7.5/include/ruby-2.7.0/ruby/ruby.h:29:
In file included from /Users/vadimteltevski/.rubies/ruby-2.7.5/include/ruby-2.7.0/ruby/defines.h:126:
/usr/local/include/stdio.h:158:79: error: disabled expansion of recursive macro [-Werror,-Wdisabled-macro-expansion]
size_t   fread(void * __restrict __ptr, size_t __size, size_t __nitems, FILE * __restrict __stream);
                                                                               ^
/usr/local/include/sys/cdefs.h:247:25: note: expanded from macro '__restrict'
#define __restrict      restrict
                        ^
/Users/vadimteltevski/.rubies/ruby-2.7.5/include/ruby-2.7.0/arm64-darwin21/ruby/config.h:56:18: note: expanded from macro 'restrict'
#define restrict __restrict
                 ^
In file included from conftest.c:1:
In file included from /Users/vadimteltevski/.rubies/ruby-2.7.5/include/ruby-2.7.0/ruby.h:33:
In file included from /Users/vadimteltevski/.rubies/ruby-2.7.5/include/ruby-2.7.0/ruby/ruby.h:29:
In file included from /Users/vadimteltevski/.rubies/ruby-2.7.5/include/ruby-2.7.0/ruby/defines.h:126:
/usr/local/include/stdio.h:159:28: error: disabled expansion of recursive macro [-Werror,-Wdisabled-macro-expansion]
FILE    *freopen(const char * __restrict, const char * __restrict,
                              ^
/usr/local/include/sys/cdefs.h:247:25: note: expanded from macro '__restrict'
#define __restrict      restrict
                        ^
/Users/vadimteltevski/.rubies/ruby-2.7.5/include/ruby-2.7.0/arm64-darwin21/ruby/config.h:56:18: note: expanded from macro 'restrict'
#define restrict __restrict
                 ^
In file included from conftest.c:1:
In file included from /Users/vadimteltevski/.rubies/ruby-2.7.5/include/ruby-2.7.0/ruby.h:33:
In file included from /Users/vadimteltevski/.rubies/ruby-2.7.5/include/ruby-2.7.0/ruby/ruby.h:29:
In file included from /Users/vadimteltevski/.rubies/ruby-2.7.5/include/ruby-2.7.0/ruby/defines.h:126:
/usr/local/include/stdio.h:159:53: error: disabled expansion of recursive macro [-Werror,-Wdisabled-macro-expansion]
FILE    *freopen(const char * __restrict, const char * __restrict,
                                                       ^
/usr/local/include/sys/cdefs.h:247:25: note: expanded from macro '__restrict'
#define __restrict      restrict
                        ^
/Users/vadimteltevski/.rubies/ruby-2.7.5/include/ruby-2.7.0/arm64-darwin21/ruby/config.h:56:18: note: expanded from macro 'restrict'
#define restrict __restrict
                 ^
In file included from conftest.c:1:
In file included from /Users/vadimteltevski/.rubies/ruby-2.7.5/include/ruby-2.7.0/ruby.h:33:
In file included from /Users/vadimteltevski/.rubies/ruby-2.7.5/include/ruby-2.7.0/ruby/ruby.h:29:
In file included from /Users/vadimteltevski/.rubies/ruby-2.7.5/include/ruby-2.7.0/ruby/defines.h:126:
/usr/local/include/stdio.h:160:25: error: disabled expansion of recursive macro [-Werror,-Wdisabled-macro-expansion]
                 FILE * __restrict) __DARWIN_ALIAS(freopen);
                        ^
/usr/local/include/sys/cdefs.h:247:25: note: expanded from macro '__restrict'
#define __restrict      restrict
                        ^
/Users/vadimteltevski/.rubies/ruby-2.7.5/include/ruby-2.7.0/arm64-darwin21/ruby/config.h:56:18: note: expanded from macro 'restrict'
#define restrict __restrict
                 ^
In file included from conftest.c:1:
In file included from /Users/vadimteltevski/.rubies/ruby-2.7.5/include/ruby-2.7.0/ruby.h:33:
In file included from /Users/vadimteltevski/.rubies/ruby-2.7.5/include/ruby-2.7.0/ruby/ruby.h:29:
In file included from /Users/vadimteltevski/.rubies/ruby-2.7.5/include/ruby-2.7.0/ruby/defines.h:126:
/usr/local/include/stdio.h:161:20: error: disabled expansion of recursive macro [-Werror,-Wdisabled-macro-expansion]
int      fscanf(FILE * __restrict, const char * __restrict, ...) __scanflike(2, 3);
                       ^
/usr/local/include/sys/cdefs.h:247:25: note: expanded from macro '__restrict'
#define __restrict      restrict
                        ^
/Users/vadimteltevski/.rubies/ruby-2.7.5/include/ruby-2.7.0/arm64-darwin21/ruby/config.h:56:18: note: expanded from macro 'restrict'
#define restrict __restrict
                 ^
fatal error: too many errors emitted, stopping now [-ferror-limit=]
20 errors generated.
checked program was:
/* begin */
1: #include "ruby.h"
2: 
3: int main() {return 0;}
/* end */

"gcc -o conftest -I/Users/vadimteltevski/.rubies/ruby-2.7.5/include/ruby-2.7.0/arm64-darwin21 -I/Users/vadimteltevski/.rubies/ruby-2.7.5/include/ruby-2.7.0/ruby/backward -I/Users/vadimteltevski/.rubies/ruby-2.7.5/include/ruby-2.7.0 -I. -I/opt/homebrew/opt/mysql@5.7/include/mysql  -I/opt/homebrew/opt/openssl@1.1/include -I/opt/homebrew/opt/readline/include -I/opt/homebrew/opt/libyaml/include -I/opt/homebrew/opt/gdbm/include -D_XOPEN_SOURCE -D_DARWIN_C_SOURCE -D_DARWIN_UNLIMITED_SELECT -D_REENTRANT   -Wno-nullability-completeness -pipe -DFULL_SSL_MODE_SUPPORT conftest.c  -L. -L/Users/vadimteltevski/.rubies/ruby-2.7.5/lib -L/opt/homebrew/opt/openssl@1.1/lib -L/opt/homebrew/opt/readline/lib -L/opt/homebrew/opt/libyaml/lib -L/opt/homebrew/opt/gdbm/lib -L. -fstack-protector-strong -L/usr/local/lib -L/opt/homebrew/opt/openssl@1.1/lib -L/opt/homebrew/opt/readline/lib -L/opt/homebrew/opt/libyaml/lib -L/opt/homebrew/opt/gdbm/lib -L/opt/homebrew/opt/openssl@3/lib  -m64  -L/opt/homebrew/opt/mysql@5.7/lib -lmysqlclient -lssl -lcrypto  -lruby.2.7-static -framework Security -framework Foundation -lpthread -ldl -lobjc -Werror -Wno-bad-function-cast  "
ld: warning: directory not found for option '-L/opt/homebrew/opt/openssl@3/lib'
checked program was:
/* begin */
1: #include "ruby.h"
2: 
3: int main() {return 0;}
/* end */

"gcc -o conftest -I/Users/vadimteltevski/.rubies/ruby-2.7.5/include/ruby-2.7.0/arm64-darwin21 -I/Users/vadimteltevski/.rubies/ruby-2.7.5/include/ruby-2.7.0/ruby/backward -I/Users/vadimteltevski/.rubies/ruby-2.7.5/include/ruby-2.7.0 -I. -I/opt/homebrew/opt/mysql@5.7/include/mysql  -I/opt/homebrew/opt/openssl@1.1/include -I/opt/homebrew/opt/readline/include -I/opt/homebrew/opt/libyaml/include -I/opt/homebrew/opt/gdbm/include -D_XOPEN_SOURCE -D_DARWIN_C_SOURCE -D_DARWIN_UNLIMITED_SELECT -D_REENTRANT   -Wno-nullability-completeness -pipe -DFULL_SSL_MODE_SUPPORT conftest.c  -L. -L/Users/vadimteltevski/.rubies/ruby-2.7.5/lib -L/opt/homebrew/opt/openssl@1.1/lib -L/opt/homebrew/opt/readline/lib -L/opt/homebrew/opt/libyaml/lib -L/opt/homebrew/opt/gdbm/lib -L. -fstack-protector-strong -L/usr/local/lib -L/opt/homebrew/opt/openssl@1.1/lib -L/opt/homebrew/opt/readline/lib -L/opt/homebrew/opt/libyaml/lib -L/opt/homebrew/opt/gdbm/lib -L/opt/homebrew/opt/openssl@3/lib  -m64  -L/opt/homebrew/opt/mysql@5.7/lib -lmysqlclient -lssl -lcrypto  -lruby.2.7-static -framework Security -framework Foundation -lpthread -ldl -lobjc -Werror -Wno-conditional-uninitialized  "
ld: warning: directory not found for option '-L/opt/homebrew/opt/openssl@3/lib'
checked program was:
/* begin */
1: #include "ruby.h"
2: 
3: int main() {return 0;}
/* end */

"gcc -o conftest -I/Users/vadimteltevski/.rubies/ruby-2.7.5/include/ruby-2.7.0/arm64-darwin21 -I/Users/vadimteltevski/.rubies/ruby-2.7.5/include/ruby-2.7.0/ruby/backward -I/Users/vadimteltevski/.rubies/ruby-2.7.5/include/ruby-2.7.0 -I. -I/opt/homebrew/opt/mysql@5.7/include/mysql  -I/opt/homebrew/opt/openssl@1.1/include -I/opt/homebrew/opt/readline/include -I/opt/homebrew/opt/libyaml/include -I/opt/homebrew/opt/gdbm/include -D_XOPEN_SOURCE -D_DARWIN_C_SOURCE -D_DARWIN_UNLIMITED_SELECT -D_REENTRANT   -Wno-nullability-completeness -pipe -DFULL_SSL_MODE_SUPPORT conftest.c  -L. -L/Users/vadimteltevski/.rubies/ruby-2.7.5/lib -L/opt/homebrew/opt/openssl@1.1/lib -L/opt/homebrew/opt/readline/lib -L/opt/homebrew/opt/libyaml/lib -L/opt/homebrew/opt/gdbm/lib -L. -fstack-protector-strong -L/usr/local/lib -L/opt/homebrew/opt/openssl@1.1/lib -L/opt/homebrew/opt/readline/lib -L/opt/homebrew/opt/libyaml/lib -L/opt/homebrew/opt/gdbm/lib -L/opt/homebrew/opt/openssl@3/lib  -m64  -L/opt/homebrew/opt/mysql@5.7/lib -lmysqlclient -lssl -lcrypto  -lruby.2.7-static -framework Security -framework Foundation -lpthread -ldl -lobjc -Werror -Wno-covered-switch-default  "
ld: warning: directory not found for option '-L/opt/homebrew/opt/openssl@3/lib'
checked program was:
/* begin */
1: #include "ruby.h"
2: 
3: int main() {return 0;}
/* end */

"gcc -o conftest -I/Users/vadimteltevski/.rubies/ruby-2.7.5/include/ruby-2.7.0/arm64-darwin21 -I/Users/vadimteltevski/.rubies/ruby-2.7.5/include/ruby-2.7.0/ruby/backward -I/Users/vadimteltevski/.rubies/ruby-2.7.5/include/ruby-2.7.0 -I. -I/opt/homebrew/opt/mysql@5.7/include/mysql  -I/opt/homebrew/opt/openssl@1.1/include -I/opt/homebrew/opt/readline/include -I/opt/homebrew/opt/libyaml/include -I/opt/homebrew/opt/gdbm/include -D_XOPEN_SOURCE -D_DARWIN_C_SOURCE -D_DARWIN_UNLIMITED_SELECT -D_REENTRANT   -Wno-nullability-completeness -pipe -DFULL_SSL_MODE_SUPPORT conftest.c  -L. -L/Users/vadimteltevski/.rubies/ruby-2.7.5/lib -L/opt/homebrew/opt/openssl@1.1/lib -L/opt/homebrew/opt/readline/lib -L/opt/homebrew/opt/libyaml/lib -L/opt/homebrew/opt/gdbm/lib -L. -fstack-protector-strong -L/usr/local/lib -L/opt/homebrew/opt/openssl@1.1/lib -L/opt/homebrew/opt/readline/lib -L/opt/homebrew/opt/libyaml/lib -L/opt/homebrew/opt/gdbm/lib -L/opt/homebrew/opt/openssl@3/lib  -m64  -L/opt/homebrew/opt/mysql@5.7/lib -lmysqlclient -lssl -lcrypto  -lruby.2.7-static -framework Security -framework Foundation -lpthread -ldl -lobjc -Werror -Wno-declaration-after-statement  "
ld: warning: directory not found for option '-L/opt/homebrew/opt/openssl@3/lib'
checked program was:
/* begin */
1: #include "ruby.h"
2: 
3: int main() {return 0;}
/* end */

"gcc -o conftest -I/Users/vadimteltevski/.rubies/ruby-2.7.5/include/ruby-2.7.0/arm64-darwin21 -I/Users/vadimteltevski/.rubies/ruby-2.7.5/include/ruby-2.7.0/ruby/backward -I/Users/vadimteltevski/.rubies/ruby-2.7.5/include/ruby-2.7.0 -I. -I/opt/homebrew/opt/mysql@5.7/include/mysql  -I/opt/homebrew/opt/openssl@1.1/include -I/opt/homebrew/opt/readline/include -I/opt/homebrew/opt/libyaml/include -I/opt/homebrew/opt/gdbm/include -D_XOPEN_SOURCE -D_DARWIN_C_SOURCE -D_DARWIN_UNLIMITED_SELECT -D_REENTRANT   -Wno-nullability-completeness -pipe -DFULL_SSL_MODE_SUPPORT conftest.c  -L. -L/Users/vadimteltevski/.rubies/ruby-2.7.5/lib -L/opt/homebrew/opt/openssl@1.1/lib -L/opt/homebrew/opt/readline/lib -L/opt/homebrew/opt/libyaml/lib -L/opt/homebrew/opt/gdbm/lib -L. -fstack-protector-strong -L/usr/local/lib -L/opt/homebrew/opt/openssl@1.1/lib -L/opt/homebrew/opt/readline/lib -L/opt/homebrew/opt/libyaml/lib -L/opt/homebrew/opt/gdbm/lib -L/opt/homebrew/opt/openssl@3/lib  -m64  -L/opt/homebrew/opt/mysql@5.7/lib -lmysqlclient -lssl -lcrypto  -lruby.2.7-static -framework Security -framework Foundation -lpthread -ldl -lobjc -Werror -Wno-disabled-macro-expansion  "
ld: warning: directory not found for option '-L/opt/homebrew/opt/openssl@3/lib'
checked program was:
/* begin */
1: #include "ruby.h"
2: 
3: int main() {return 0;}
/* end */

"gcc -o conftest -I/Users/vadimteltevski/.rubies/ruby-2.7.5/include/ruby-2.7.0/arm64-darwin21 -I/Users/vadimteltevski/.rubies/ruby-2.7.5/include/ruby-2.7.0/ruby/backward -I/Users/vadimteltevski/.rubies/ruby-2.7.5/include/ruby-2.7.0 -I. -I/opt/homebrew/opt/mysql@5.7/include/mysql  -I/opt/homebrew/opt/openssl@1.1/include -I/opt/homebrew/opt/readline/include -I/opt/homebrew/opt/libyaml/include -I/opt/homebrew/opt/gdbm/include -D_XOPEN_SOURCE -D_DARWIN_C_SOURCE -D_DARWIN_UNLIMITED_SELECT -D_REENTRANT   -Wno-nullability-completeness -pipe -DFULL_SSL_MODE_SUPPORT conftest.c  -L. -L/Users/vadimteltevski/.rubies/ruby-2.7.5/lib -L/opt/homebrew/opt/openssl@1.1/lib -L/opt/homebrew/opt/readline/lib -L/opt/homebrew/opt/libyaml/lib -L/opt/homebrew/opt/gdbm/lib -L. -fstack-protector-strong -L/usr/local/lib -L/opt/homebrew/opt/openssl@1.1/lib -L/opt/homebrew/opt/readline/lib -L/opt/homebrew/opt/libyaml/lib -L/opt/homebrew/opt/gdbm/lib -L/opt/homebrew/opt/openssl@3/lib  -m64  -L/opt/homebrew/opt/mysql@5.7/lib -lmysqlclient -lssl -lcrypto  -lruby.2.7-static -framework Security -framework Foundation -lpthread -ldl -lobjc -Werror -Wno-documentation-unknown-command  "
ld: warning: directory not found for option '-L/opt/homebrew/opt/openssl@3/lib'
checked program was:
/* begin */
1: #include "ruby.h"
2: 
3: int main() {return 0;}
/* end */

"gcc -o conftest -I/Users/vadimteltevski/.rubies/ruby-2.7.5/include/ruby-2.7.0/arm64-darwin21 -I/Users/vadimteltevski/.rubies/ruby-2.7.5/include/ruby-2.7.0/ruby/backward -I/Users/vadimteltevski/.rubies/ruby-2.7.5/include/ruby-2.7.0 -I. -I/opt/homebrew/opt/mysql@5.7/include/mysql  -I/opt/homebrew/opt/openssl@1.1/include -I/opt/homebrew/opt/readline/include -I/opt/homebrew/opt/libyaml/include -I/opt/homebrew/opt/gdbm/include -D_XOPEN_SOURCE -D_DARWIN_C_SOURCE -D_DARWIN_UNLIMITED_SELECT -D_REENTRANT   -Wno-nullability-completeness -pipe -DFULL_SSL_MODE_SUPPORT conftest.c  -L. -L/Users/vadimteltevski/.rubies/ruby-2.7.5/lib -L/opt/homebrew/opt/openssl@1.1/lib -L/opt/homebrew/opt/readline/lib -L/opt/homebrew/opt/libyaml/lib -L/opt/homebrew/opt/gdbm/lib -L. -fstack-protector-strong -L/usr/local/lib -L/opt/homebrew/opt/openssl@1.1/lib -L/opt/homebrew/opt/readline/lib -L/opt/homebrew/opt/libyaml/lib -L/opt/homebrew/opt/gdbm/lib -L/opt/homebrew/opt/openssl@3/lib  -m64  -L/opt/homebrew/opt/mysql@5.7/lib -lmysqlclient -lssl -lcrypto  -lruby.2.7-static -framework Security -framework Foundation -lpthread -ldl -lobjc -Werror -Wno-missing-field-initializers  "
ld: warning: directory not found for option '-L/opt/homebrew/opt/openssl@3/lib'
checked program was:
/* begin */
1: #include "ruby.h"
2: 
3: int main() {return 0;}
/* end */

"gcc -o conftest -I/Users/vadimteltevski/.rubies/ruby-2.7.5/include/ruby-2.7.0/arm64-darwin21 -I/Users/vadimteltevski/.rubies/ruby-2.7.5/include/ruby-2.7.0/ruby/backward -I/Users/vadimteltevski/.rubies/ruby-2.7.5/include/ruby-2.7.0 -I. -I/opt/homebrew/opt/mysql@5.7/include/mysql  -I/opt/homebrew/opt/openssl@1.1/include -I/opt/homebrew/opt/readline/include -I/opt/homebrew/opt/libyaml/include -I/opt/homebrew/opt/gdbm/include -D_XOPEN_SOURCE -D_DARWIN_C_SOURCE -D_DARWIN_UNLIMITED_SELECT -D_REENTRANT   -Wno-nullability-completeness -pipe -DFULL_SSL_MODE_SUPPORT conftest.c  -L. -L/Users/vadimteltevski/.rubies/ruby-2.7.5/lib -L/opt/homebrew/opt/openssl@1.1/lib -L/opt/homebrew/opt/readline/lib -L/opt/homebrew/opt/libyaml/lib -L/opt/homebrew/opt/gdbm/lib -L. -fstack-protector-strong -L/usr/local/lib -L/opt/homebrew/opt/openssl@1.1/lib -L/opt/homebrew/opt/readline/lib -L/opt/homebrew/opt/libyaml/lib -L/opt/homebrew/opt/gdbm/lib -L/opt/homebrew/opt/openssl@3/lib  -m64  -L/opt/homebrew/opt/mysql@5.7/lib -lmysqlclient -lssl -lcrypto  -lruby.2.7-static -framework Security -framework Foundation -lpthread -ldl -lobjc -Werror -Wno-missing-variable-declarations  "
ld: warning: directory not found for option '-L/opt/homebrew/opt/openssl@3/lib'
checked program was:
/* begin */
1: #include "ruby.h"
2: 
3: int main() {return 0;}
/* end */

"gcc -o conftest -I/Users/vadimteltevski/.rubies/ruby-2.7.5/include/ruby-2.7.0/arm64-darwin21 -I/Users/vadimteltevski/.rubies/ruby-2.7.5/include/ruby-2.7.0/ruby/backward -I/Users/vadimteltevski/.rubies/ruby-2.7.5/include/ruby-2.7.0 -I. -I/opt/homebrew/opt/mysql@5.7/include/mysql  -I/opt/homebrew/opt/openssl@1.1/include -I/opt/homebrew/opt/readline/include -I/opt/homebrew/opt/libyaml/include -I/opt/homebrew/opt/gdbm/include -D_XOPEN_SOURCE -D_DARWIN_C_SOURCE -D_DARWIN_UNLIMITED_SELECT -D_REENTRANT   -Wno-nullability-completeness -pipe -DFULL_SSL_MODE_SUPPORT conftest.c  -L. -L/Users/vadimteltevski/.rubies/ruby-2.7.5/lib -L/opt/homebrew/opt/openssl@1.1/lib -L/opt/homebrew/opt/readline/lib -L/opt/homebrew/opt/libyaml/lib -L/opt/homebrew/opt/gdbm/lib -L. -fstack-protector-strong -L/usr/local/lib -L/opt/homebrew/opt/openssl@1.1/lib -L/opt/homebrew/opt/readline/lib -L/opt/homebrew/opt/libyaml/lib -L/opt/homebrew/opt/gdbm/lib -L/opt/homebrew/opt/openssl@3/lib  -m64  -L/opt/homebrew/opt/mysql@5.7/lib -lmysqlclient -lssl -lcrypto  -lruby.2.7-static -framework Security -framework Foundation -lpthread -ldl -lobjc -Werror -Wno-padded  "
ld: warning: directory not found for option '-L/opt/homebrew/opt/openssl@3/lib'
checked program was:
/* begin */
1: #include "ruby.h"
2: 
3: int main() {return 0;}
/* end */

"gcc -o conftest -I/Users/vadimteltevski/.rubies/ruby-2.7.5/include/ruby-2.7.0/arm64-darwin21 -I/Users/vadimteltevski/.rubies/ruby-2.7.5/include/ruby-2.7.0/ruby/backward -I/Users/vadimteltevski/.rubies/ruby-2.7.5/include/ruby-2.7.0 -I. -I/opt/homebrew/opt/mysql@5.7/include/mysql  -I/opt/homebrew/opt/openssl@1.1/include -I/opt/homebrew/opt/readline/include -I/opt/homebrew/opt/libyaml/include -I/opt/homebrew/opt/gdbm/include -D_XOPEN_SOURCE -D_DARWIN_C_SOURCE -D_DARWIN_UNLIMITED_SELECT -D_REENTRANT   -Wno-nullability-completeness -pipe -DFULL_SSL_MODE_SUPPORT conftest.c  -L. -L/Users/vadimteltevski/.rubies/ruby-2.7.5/lib -L/opt/homebrew/opt/openssl@1.1/lib -L/opt/homebrew/opt/readline/lib -L/opt/homebrew/opt/libyaml/lib -L/opt/homebrew/opt/gdbm/lib -L. -fstack-protector-strong -L/usr/local/lib -L/opt/homebrew/opt/openssl@1.1/lib -L/opt/homebrew/opt/readline/lib -L/opt/homebrew/opt/libyaml/lib -L/opt/homebrew/opt/gdbm/lib -L/opt/homebrew/opt/openssl@3/lib  -m64  -L/opt/homebrew/opt/mysql@5.7/lib -lmysqlclient -lssl -lcrypto  -lruby.2.7-static -framework Security -framework Foundation -lpthread -ldl -lobjc -Werror -Wno-reserved-id-macro  "
ld: warning: directory not found for option '-L/opt/homebrew/opt/openssl@3/lib'
checked program was:
/* begin */
1: #include "ruby.h"
2: 
3: int main() {return 0;}
/* end */

"gcc -o conftest -I/Users/vadimteltevski/.rubies/ruby-2.7.5/include/ruby-2.7.0/arm64-darwin21 -I/Users/vadimteltevski/.rubies/ruby-2.7.5/include/ruby-2.7.0/ruby/backward -I/Users/vadimteltevski/.rubies/ruby-2.7.5/include/ruby-2.7.0 -I. -I/opt/homebrew/opt/mysql@5.7/include/mysql  -I/opt/homebrew/opt/openssl@1.1/include -I/opt/homebrew/opt/readline/include -I/opt/homebrew/opt/libyaml/include -I/opt/homebrew/opt/gdbm/include -D_XOPEN_SOURCE -D_DARWIN_C_SOURCE -D_DARWIN_UNLIMITED_SELECT -D_REENTRANT   -Wno-nullability-completeness -pipe -DFULL_SSL_MODE_SUPPORT conftest.c  -L. -L/Users/vadimteltevski/.rubies/ruby-2.7.5/lib -L/opt/homebrew/opt/openssl@1.1/lib -L/opt/homebrew/opt/readline/lib -L/opt/homebrew/opt/libyaml/lib -L/opt/homebrew/opt/gdbm/lib -L. -fstack-protector-strong -L/usr/local/lib -L/opt/homebrew/opt/openssl@1.1/lib -L/opt/homebrew/opt/readline/lib -L/opt/homebrew/opt/libyaml/lib -L/opt/homebrew/opt/gdbm/lib -L/opt/homebrew/opt/openssl@3/lib  -m64  -L/opt/homebrew/opt/mysql@5.7/lib -lmysqlclient -lssl -lcrypto  -lruby.2.7-static -framework Security -framework Foundation -lpthread -ldl -lobjc -Werror -Wno-sign-conversion  "
ld: warning: directory not found for option '-L/opt/homebrew/opt/openssl@3/lib'
checked program was:
/* begin */
1: #include "ruby.h"
2: 
3: int main() {return 0;}
/* end */

"gcc -o conftest -I/Users/vadimteltevski/.rubies/ruby-2.7.5/include/ruby-2.7.0/arm64-darwin21 -I/Users/vadimteltevski/.rubies/ruby-2.7.5/include/ruby-2.7.0/ruby/backward -I/Users/vadimteltevski/.rubies/ruby-2.7.5/include/ruby-2.7.0 -I. -I/opt/homebrew/opt/mysql@5.7/include/mysql  -I/opt/homebrew/opt/openssl@1.1/include -I/opt/homebrew/opt/readline/include -I/opt/homebrew/opt/libyaml/include -I/opt/homebrew/opt/gdbm/include -D_XOPEN_SOURCE -D_DARWIN_C_SOURCE -D_DARWIN_UNLIMITED_SELECT -D_REENTRANT   -Wno-nullability-completeness -pipe -DFULL_SSL_MODE_SUPPORT conftest.c  -L. -L/Users/vadimteltevski/.rubies/ruby-2.7.5/lib -L/opt/homebrew/opt/openssl@1.1/lib -L/opt/homebrew/opt/readline/lib -L/opt/homebrew/opt/libyaml/lib -L/opt/homebrew/opt/gdbm/lib -L. -fstack-protector-strong -L/usr/local/lib -L/opt/homebrew/opt/openssl@1.1/lib -L/opt/homebrew/opt/readline/lib -L/opt/homebrew/opt/libyaml/lib -L/opt/homebrew/opt/gdbm/lib -L/opt/homebrew/opt/openssl@3/lib  -m64  -L/opt/homebrew/opt/mysql@5.7/lib -lmysqlclient -lssl -lcrypto  -lruby.2.7-static -framework Security -framework Foundation -lpthread -ldl -lobjc -Werror -Wno-static-in-inline  "
ld: warning: directory not found for option '-L/opt/homebrew/opt/openssl@3/lib'
checked program was:
/* begin */
1: #include "ruby.h"
2: 
3: int main() {return 0;}
/* end */

"gcc -o conftest -I/Users/vadimteltevski/.rubies/ruby-2.7.5/include/ruby-2.7.0/arm64-darwin21 -I/Users/vadimteltevski/.rubies/ruby-2.7.5/include/ruby-2.7.0/ruby/backward -I/Users/vadimteltevski/.rubies/ruby-2.7.5/include/ruby-2.7.0 -I. -I/opt/homebrew/opt/mysql@5.7/include/mysql  -I/opt/homebrew/opt/openssl@1.1/include -I/opt/homebrew/opt/readline/include -I/opt/homebrew/opt/libyaml/include -I/opt/homebrew/opt/gdbm/include -D_XOPEN_SOURCE -D_DARWIN_C_SOURCE -D_DARWIN_UNLIMITED_SELECT -D_REENTRANT   -Wno-nullability-completeness -pipe -DFULL_SSL_MODE_SUPPORT conftest.c  -L. -L/Users/vadimteltevski/.rubies/ruby-2.7.5/lib -L/opt/homebrew/opt/openssl@1.1/lib -L/opt/homebrew/opt/readline/lib -L/opt/homebrew/opt/libyaml/lib -L/opt/homebrew/opt/gdbm/lib -L. -fstack-protector-strong -L/usr/local/lib -L/opt/homebrew/opt/openssl@1.1/lib -L/opt/homebrew/opt/readline/lib -L/opt/homebrew/opt/libyaml/lib -L/opt/homebrew/opt/gdbm/lib -L/opt/homebrew/opt/openssl@3/lib  -m64  -L/opt/homebrew/opt/mysql@5.7/lib -lmysqlclient -lssl -lcrypto  -lruby.2.7-static -framework Security -framework Foundation -lpthread -ldl -lobjc -Werror -Wno-switch-enum  "
ld: warning: directory not found for option '-L/opt/homebrew/opt/openssl@3/lib'
checked program was:
/* begin */
1: #include "ruby.h"
2: 
3: int main() {return 0;}
/* end */

"gcc -o conftest -I/Users/vadimteltevski/.rubies/ruby-2.7.5/include/ruby-2.7.0/arm64-darwin21 -I/Users/vadimteltevski/.rubies/ruby-2.7.5/include/ruby-2.7.0/ruby/backward -I/Users/vadimteltevski/.rubies/ruby-2.7.5/include/ruby-2.7.0 -I. -I/opt/homebrew/opt/mysql@5.7/include/mysql  -I/opt/homebrew/opt/openssl@1.1/include -I/opt/homebrew/opt/readline/include -I/opt/homebrew/opt/libyaml/include -I/opt/homebrew/opt/gdbm/include -D_XOPEN_SOURCE -D_DARWIN_C_SOURCE -D_DARWIN_UNLIMITED_SELECT -D_REENTRANT   -Wno-nullability-completeness -pipe -DFULL_SSL_MODE_SUPPORT conftest.c  -L. -L/Users/vadimteltevski/.rubies/ruby-2.7.5/lib -L/opt/homebrew/opt/openssl@1.1/lib -L/opt/homebrew/opt/readline/lib -L/opt/homebrew/opt/libyaml/lib -L/opt/homebrew/opt/gdbm/lib -L. -fstack-protector-strong -L/usr/local/lib -L/opt/homebrew/opt/openssl@1.1/lib -L/opt/homebrew/opt/readline/lib -L/opt/homebrew/opt/libyaml/lib -L/opt/homebrew/opt/gdbm/lib -L/opt/homebrew/opt/openssl@3/lib  -m64  -L/opt/homebrew/opt/mysql@5.7/lib -lmysqlclient -lssl -lcrypto  -lruby.2.7-static -framework Security -framework Foundation -lpthread -ldl -lobjc -Werror -Wno-undef  "
ld: warning: directory not found for option '-L/opt/homebrew/opt/openssl@3/lib'
checked program was:
/* begin */
1: #include "ruby.h"
2: 
3: int main() {return 0;}
/* end */

"gcc -o conftest -I/Users/vadimteltevski/.rubies/ruby-2.7.5/include/ruby-2.7.0/arm64-darwin21 -I/Users/vadimteltevski/.rubies/ruby-2.7.5/include/ruby-2.7.0/ruby/backward -I/Users/vadimteltevski/.rubies/ruby-2.7.5/include/ruby-2.7.0 -I. -I/opt/homebrew/opt/mysql@5.7/include/mysql  -I/opt/homebrew/opt/openssl@1.1/include -I/opt/homebrew/opt/readline/include -I/opt/homebrew/opt/libyaml/include -I/opt/homebrew/opt/gdbm/include -D_XOPEN_SOURCE -D_DARWIN_C_SOURCE -D_DARWIN_UNLIMITED_SELECT -D_REENTRANT   -Wno-nullability-completeness -pipe -DFULL_SSL_MODE_SUPPORT conftest.c  -L. -L/Users/vadimteltevski/.rubies/ruby-2.7.5/lib -L/opt/homebrew/opt/openssl@1.1/lib -L/opt/homebrew/opt/readline/lib -L/opt/homebrew/opt/libyaml/lib -L/opt/homebrew/opt/gdbm/lib -L. -fstack-protector-strong -L/usr/local/lib -L/opt/homebrew/opt/openssl@1.1/lib -L/opt/homebrew/opt/readline/lib -L/opt/homebrew/opt/libyaml/lib -L/opt/homebrew/opt/gdbm/lib -L/opt/homebrew/opt/openssl@3/lib  -m64  -L/opt/homebrew/opt/mysql@5.7/lib -lmysqlclient -lssl -lcrypto  -lruby.2.7-static -framework Security -framework Foundation -lpthread -ldl -lobjc -Werror -Wno-unreachable-code  "
ld: warning: directory not found for option '-L/opt/homebrew/opt/openssl@3/lib'
checked program was:
/* begin */
1: #include "ruby.h"
2: 
3: int main() {return 0;}
/* end */

"gcc -o conftest -I/Users/vadimteltevski/.rubies/ruby-2.7.5/include/ruby-2.7.0/arm64-darwin21 -I/Users/vadimteltevski/.rubies/ruby-2.7.5/include/ruby-2.7.0/ruby/backward -I/Users/vadimteltevski/.rubies/ruby-2.7.5/include/ruby-2.7.0 -I. -I/opt/homebrew/opt/mysql@5.7/include/mysql  -I/opt/homebrew/opt/openssl@1.1/include -I/opt/homebrew/opt/readline/include -I/opt/homebrew/opt/libyaml/include -I/opt/homebrew/opt/gdbm/include -D_XOPEN_SOURCE -D_DARWIN_C_SOURCE -D_DARWIN_UNLIMITED_SELECT -D_REENTRANT   -Wno-nullability-completeness -pipe -DFULL_SSL_MODE_SUPPORT conftest.c  -L. -L/Users/vadimteltevski/.rubies/ruby-2.7.5/lib -L/opt/homebrew/opt/openssl@1.1/lib -L/opt/homebrew/opt/readline/lib -L/opt/homebrew/opt/libyaml/lib -L/opt/homebrew/opt/gdbm/lib -L. -fstack-protector-strong -L/usr/local/lib -L/opt/homebrew/opt/openssl@1.1/lib -L/opt/homebrew/opt/readline/lib -L/opt/homebrew/opt/libyaml/lib -L/opt/homebrew/opt/gdbm/lib -L/opt/homebrew/opt/openssl@3/lib  -m64  -L/opt/homebrew/opt/mysql@5.7/lib -lmysqlclient -lssl -lcrypto  -lruby.2.7-static -framework Security -framework Foundation -lpthread -ldl -lobjc -Werror -Wno-used-but-marked-unused  "
ld: warning: directory not found for option '-L/opt/homebrew/opt/openssl@3/lib'
checked program was:
/* begin */
1: #include "ruby.h"
2: 
3: int main() {return 0;}
/* end */

"gcc -o conftest -I/Users/vadimteltevski/.rubies/ruby-2.7.5/include/ruby-2.7.0/arm64-darwin21 -I/Users/vadimteltevski/.rubies/ruby-2.7.5/include/ruby-2.7.0/ruby/backward -I/Users/vadimteltevski/.rubies/ruby-2.7.5/include/ruby-2.7.0 -I. -I/opt/homebrew/opt/mysql@5.7/include/mysql  -I/opt/homebrew/opt/openssl@1.1/include -I/opt/homebrew/opt/readline/include -I/opt/homebrew/opt/libyaml/include -I/opt/homebrew/opt/gdbm/include -D_XOPEN_SOURCE -D_DARWIN_C_SOURCE -D_DARWIN_UNLIMITED_SELECT -D_REENTRANT   -Wno-nullability-completeness -pipe -DFULL_SSL_MODE_SUPPORT -Wno-bad-function-cast -Wno-conditional-uninitialized -Wno-covered-switch-default -Wno-declaration-after-statement -Wno-disabled-macro-expansion -Wno-documentation-unknown-command -Wno-missing-field-initializers -Wno-missing-variable-declarations -Wno-padded -Wno-reserved-id-macro -Wno-sign-conversion -Wno-static-in-inline -Wno-switch-enum -Wno-undef -Wno-unreachable-code -Wno-used-but-marked-unused conftest.c  -L. -L/Users/vadimteltevski/.rubies/ruby-2.7.5/lib -L/opt/homebrew/opt/openssl@1.1/lib -L/opt/homebrew/opt/readline/lib -L/opt/homebrew/opt/libyaml/lib -L/opt/homebrew/opt/gdbm/lib -L. -fstack-protector-strong -L/usr/local/lib -L/opt/homebrew/opt/openssl@1.1/lib -L/opt/homebrew/opt/readline/lib -L/opt/homebrew/opt/libyaml/lib -L/opt/homebrew/opt/gdbm/lib -L/opt/homebrew/opt/openssl@3/lib  -m64  -L/opt/homebrew/opt/mysql@5.7/lib -lmysqlclient -lssl -lcrypto  -lruby.2.7-static -framework Security -framework Foundation -lpthread -ldl -lobjc  -Wl,-rpath,/opt/homebrew/opt/mysql@5.7/lib  "
ld: warning: directory not found for option '-L/opt/homebrew/opt/openssl@3/lib'
checked program was:
/* begin */
1: #include "ruby.h"
2: 
3: int main() {return 0;}
/* end */

